baroque.173226
baroque.2871122
baroque.2871332
baroque.2871381
baroque.2871794
baroque.2876393
baroque.2876428
baroque.2876519
baroque.2876554
baroque.2884723
baroque.2884725
baroque.2903427
baroque.2903430
baroque.2903431
baroque.2903497
baroque.2903573
baroque.2903615
baroque.2903756
baroque.2903798
baroque.2903855
baroque.2903856
baroque.2903859
baroque.2903860
baroque.2903965
baroque.2903980
baroque.2925153
baroque.2925154
baroque.2925653
baroque.2925656
baroque.2925658
baroque.2941921
baroque.2941923
baroque.2941924
baroque.2941925
baroque.2941926
baroque.2942039
baroque.2942041
baroque.2942042
baroque.2942045
baroque.2942096
baroque.2942099
baroque.2942101
baroque.2942151
baroque.2942152
baroque.2942155
baroque.2942156
baroque.2942212
baroque.2942279
baroque.2942281
baroque.2942322
baroque.2942348
baroque.2942350
baroque.2942352
baroque.2942392
baroque.2942394
baroque.2942395
baroque.2942438
baroque.2942440
baroque.2942480
baroque.2942490
baroque.2942492
baroque.2942522
baroque.2942526
baroque.2942527
baroque.2942528
baroque.2942558
baroque.2942565
baroque.2942566
baroque.2942567
baroque.2942568
baroque.2942570
baroque.2942781
baroque.2942823
baroque.2942878
baroque.2943421
baroque.2943422
baroque.2943849
baroque.2943851
baroque.2943887
baroque.2943889
baroque.2943891
baroque.2943892
baroque.2970803
baroque.2970814
baroque.2970816
baroque.2970858
baroque.2970859
baroque.2970861
baroque.2970942
baroque.2970944
baroque.2970965
baroque.2970967
baroque.2970968
baroque.2971015
baroque.2971016
baroque.2971018
baroque.2971061
baroque.2971067
baroque.2971146
baroque.2971154
blues.12404
blues.15383
blues.15667
blues.15668
blues.15672
blues.15674
blues.15675
blues.15676
blues.15678
blues.15679
blues.15686
blues.15689
blues.15692
blues.15700
blues.15702
blues.15703
blues.15707
blues.15708
blues.15710
blues.15712
blues.15724
blues.15726
blues.15730
blues.15731
blues.15733
blues.15734
blues.15736
blues.15744
blues.15750
blues.15783
blues.15791
blues.15813
blues.15868
blues.15919
blues.15948
blues.15949
blues.15950
blues.15954
blues.15955
blues.15956
blues.15958
blues.15960
blues.15970
blues.15979
blues.16003
blues.16010
blues.16024
blues.16056
blues.16077
blues.16097
blues.16099
blues.16108
blues.16118
blues.16121
blues.16123
blues.16125
blues.16149
blues.16223
blues.16289
blues.16311
blues.16313
blues.16314
blues.16315
blues.16316
blues.16649
blues.16652
blues.16750
blues.16839
blues.16906
blues.16907
blues.16910
blues.16913
blues.16954
blues.16978
blues.17018
blues.17075
blues.17076
blues.17079
blues.17087
blues.17091
blues.17093
blues.17094
blues.17095
blues.17100
blues.17103
blues.17109
blues.17111
blues.2084
blues.2099
blues.2116
blues.2138
blues.2143
blues.2145
blues.2148
blues.2268
blues.2271
blues.2642
blues.2699
blues.9622
classical.155124
classical.155934
classical.156685
classical.157462
classical.157623
classical.158015
classical.163087
classical.163201
classical.465804
classical.465805
classical.471345
classical.471346
classical.473119
classical.478137
classical.478663
classical.478686
classical.479903
classical.480507
classical.480765
classical.480805
classical.481052
classical.485265
classical.485266
classical.485314
classical.485363
classical.485370
classical.485496
classical.486097
classical.498145
classical.498151
classical.498251
classical.498252
classical.498362
classical.498366
classical.498551
classical.498630
classical.505061
classical.505222
classical.512824
classical.512915
classical.515933
classical.515953
classical.516018
classical.516026
classical.516100
classical.516105
classical.516159
classical.516282
classical.516339
classical.516520
classical.516522
classical.516555
classical.516798
classical.517248
classical.517254
classical.517375
classical.517850
classical.517969
classical.517970
classical.518052
classical.518277
classical.518312
classical.518317
classical.518468
classical.518653
classical.518872
classical.518991
classical.519425
classical.520230
classical.520271
classical.522503
classical.525321
classical.525774
classical.530303
classical.531200
classical.538781
classical.540740
classical.546341
classical.557415
classical.557824
classical.562055
classical.563365
classical.563533
classical.567291
classical.567579
classical.567586
classical.571613
classical.571716
classical.574131
classical.574264
classical.575531
classical.576994
classical.577148
classical.577310
classical.583672
classical.584379
classical.588376
classical.589615
classical.83877
classical.83884
country.16839
country.28458
country.29423
country.31039
country.31040
country.31066
country.33103
country.33270
country.34572
country.35247
country.35355
country.35548
country.35553
country.35559
country.35586
country.35611
country.36325
country.36327
country.36329
country.36346
country.36350
country.36502
country.36507
country.36508
country.36698
country.36701
country.36715
country.36719
country.36720
country.36721
country.36722
country.36753
country.36756
country.36759
country.36762
country.36764
country.36767
country.36769
country.36778
country.36800
country.36804
country.36807
country.36832
country.36837
country.36838
country.36840
country.36880
country.36913
country.36917
country.36930
country.36942
country.36959
country.37047
country.37049
country.39592
country.56147
country.60284
country.62870
country.69135
country.69412
country.69443
country.69527
country.69528
country.69604
country.69660
country.70283
country.70329
country.70363
country.70423
country.70549
country.70550
country.70686
country.70766
country.70780
country.71089
country.71090
country.71152
country.71179
country.71185
country.71273
country.71278
country.71281
country.71282
country.71339
country.71348
country.71389
country.71452
country.71474
country.71477
country.71536
country.71540
country.71650
country.71811
country.71864
country.71924
country.71947
country.71970
country.72080
country.72222
country.72272
electronica.3152
electronica.3155
electronica.3156
electronica.3158
electronica.3164
electronica.3166
electronica.3167
electronica.3169
electronica.3171
electronica.3299
electronica.3302
electronica.3306
electronica.3310
electronica.3312
electronica.3313
electronica.3317
electronica.3322
electronica.3324
electronica.3326
electronica.3328
electronica.3338
electronica.3339
electronica.3340
electronica.3341
electronica.3342
electronica.3343
electronica.3349
electronica.3350
electronica.3352
electronica.3353
electronica.3357
electronica.3358
electronica.3359
electronica.3362
electronica.3364
electronica.3367
electronica.3368
electronica.3369
electronica.3373
electronica.3375
electronica.3376
electronica.3377
electronica.3378
electronica.3381
electronica.3384
electronica.3401
electronica.3419
electronica.3435
electronica.3447
electronica.3449
electronica.3460
electronica.3461
electronica.3474
electronica.3481
electronica.3490
electronica.3491
electronica.3492
electronica.3497
electronica.3501
electronica.3503
electronica.3505
electronica.3506
electronica.3514
electronica.3515
electronica.3518
electronica.3522
electronica.3523
electronica.3526
electronica.3544
electronica.3548
electronica.3552
electronica.3569
electronica.3572
electronica.3573
electronica.3575
electronica.3584
electronica.3586
electronica.3599
electronica.3600
electronica.3601
electronica.3602
electronica.3603
electronica.3604
electronica.3605
electronica.3609
electronica.3610
electronica.3622
electronica.3623
electronica.3625
electronica.3638
electronica.3649
electronica.3652
electronica.3653
electronica.3659
electronica.3668
electronica.3675
electronica.3685
electronica.3692
electronica.3700
electronica.3703
hip-hop.--1000
hip-hop.--1001
hip-hop.--1002
hip-hop.--1003
hip-hop.--1004
hip-hop.--1005
hip-hop.--1006
hip-hop.--1007
hip-hop.--1008
hip-hop.--1009
hip-hop.--1010
hip-hop.--1011
hip-hop.--1012
hip-hop.--1013
hip-hop.--1014
hip-hop.--1015
hip-hop.--1016
hip-hop.--1017
hip-hop.--1018
hip-hop.--1019
hip-hop.--1020
hip-hop.--1021
hip-hop.--1022
hip-hop.--1023
hip-hop.--1024
hip-hop.--1025
hip-hop.--1026
hip-hop.--1027
hip-hop.--1028
hip-hop.--1029
hip-hop.--1030
hip-hop.--1031
hip-hop.--1032
hip-hop.--1033
hip-hop.--1034
hip-hop.--1035
hip-hop.--1036
hip-hop.--1037
hip-hop.--1038
hip-hop.--1039
hip-hop.--1040
hip-hop.--1041
hip-hop.--1042
hip-hop.--1043
hip-hop.--1044
hip-hop.--1045
hip-hop.--1046
hip-hop.--1047
hip-hop.--1048
hip-hop.--1049
hip-hop.--1050
hip-hop.--1051
hip-hop.--1052
hip-hop.--1053
hip-hop.--1054
hip-hop.--1055
hip-hop.--1056
hip-hop.--1057
hip-hop.--1058
hip-hop.--1059
hip-hop.--1060
hip-hop.--1061
hip-hop.--1062
hip-hop.--1063
hip-hop.--1064
hip-hop.--1065
hip-hop.--1066
hip-hop.--1067
hip-hop.--1068
hip-hop.--1069
hip-hop.--1070
hip-hop.--1071
hip-hop.--1072
hip-hop.--1073
hip-hop.--1074
hip-hop.--1075
hip-hop.--1076
hip-hop.--1077
hip-hop.--1078
hip-hop.--1079
hip-hop.--1080
hip-hop.--1081
hip-hop.--1082
hip-hop.--1083
hip-hop.--1084
hip-hop.--1085
hip-hop.--1086
hip-hop.--1087
hip-hop.--1088
hip-hop.--1089
hip-hop.--1090
hip-hop.--1091
hip-hop.--1092
hip-hop.--1093
hip-hop.--1094
hip-hop.--1095
hip-hop.--1096
hip-hop.--1097
hip-hop.--1098
hip-hop.--1099
jazz.10177
jazz.11277
jazz.11348
jazz.11650
jazz.12014
jazz.12076
jazz.12079
jazz.12081
jazz.12104
jazz.12105
jazz.12113
jazz.12118
jazz.12137
jazz.12167
jazz.12182
jazz.12261
jazz.12334
jazz.12367
jazz.12398
jazz.12401
jazz.12404
jazz.12418
jazz.12453
jazz.12459
jazz.12487
jazz.12511
jazz.12524
jazz.12525
jazz.12526
jazz.12527
jazz.12528
jazz.12530
jazz.12532
jazz.12552
jazz.12554
jazz.12608
jazz.12662
jazz.12961
jazz.13035
jazz.13164
jazz.13185
jazz.13203
jazz.13224
jazz.13301
jazz.13315
jazz.13392
jazz.13503
jazz.13514
jazz.13516
jazz.13517
jazz.2982
jazz.3000
jazz.3321
jazz.3330
jazz.3354
jazz.3416
jazz.3467
jazz.3522
jazz.3523
jazz.3528
jazz.3660
jazz.3727
jazz.3728
jazz.3854
jazz.3921
jazz.3935
jazz.3969
jazz.5525
jazz.5931
jazz.8598
jazz.8601
jazz.8650
jazz.8651
jazz.8743
jazz.8811
jazz.8908
jazz.8933
jazz.8945
jazz.9079
jazz.9093
jazz.9120
jazz.9143
jazz.9196
jazz.9208
jazz.9245
jazz.9279
jazz.9315
jazz.9338
jazz.9438
jazz.9492
jazz.9493
jazz.9494
jazz.9496
jazz.9513
jazz.9559
jazz.9562
jazz.9585
jazz.9614
jazz.9683
jazz.9704
metal.1116648
metal.1120619
metal.163741
metal.167948
metal.170076
metal.170083
metal.170195
metal.170318
metal.170496
metal.170623
metal.170944
metal.170945
metal.170947
metal.172603
metal.172849
metal.172877
metal.173268
metal.173297
metal.173331
metal.173345
metal.173394
metal.173940
metal.174353
metal.174675
metal.174955
metal.174956
metal.17601
metal.17603
metal.217664
metal.218243
metal.218248
metal.223953
metal.224001
metal.225605
metal.228828
metal.229877
metal.231088
metal.231156
metal.235621
metal.235655
metal.235656
metal.235658
metal.235904
metal.252205
metal.25277
metal.260384
metal.261341
metal.261638
metal.261639
metal.261646
metal.261891
metal.262194
metal.262449
metal.262547
metal.262549
metal.264435
metal.265012
metal.268659
metal.268958
metal.270735
metal.271388
metal.278854
metal.280094
metal.282159
metal.283376
metal.292654
metal.34310
metal.34349
metal.37186
metal.38178
metal.38694
metal.39126
metal.39152
metal.39513
metal.52388
metal.54575
metal.54729
metal.55464
metal.57034
metal.58261
metal.59307
metal.59598
metal.60097
metal.63414
metal.63556
metal.63752
metal.63780
metal.63962
metal.64178
metal.68276
metal.68338
metal.69363
metal.699716
metal.71877
metal.71900
metal.72012
metal.72013
metal.72014
metal.72016
metal.72069
rock.2012
rock.2046
rock.2085
rock.2087
rock.2092
rock.2094
rock.2095
rock.2097
rock.2103
rock.2109
rock.2115
rock.2121
rock.2134
rock.2151
rock.2155
rock.2157
rock.2168
rock.2174
rock.2177
rock.2216
rock.2260
rock.2262
rock.2264
rock.2267
rock.2268
rock.2272
rock.2273
rock.2279
rock.2296
rock.2339
rock.2342
rock.2343
rock.2390
rock.2509
rock.2510
rock.2533
rock.2558
rock.2560
rock.2564
rock.2565
rock.2566
rock.2568
rock.2589
rock.2591
rock.2619
rock.2625
rock.2630
rock.2632
rock.2637
rock.2638
rock.2650
rock.2652
rock.2668
rock.2670
rock.2671
rock.2674
rock.2677
rock.2678
rock.2687
rock.2697
rock.2698
rock.2701
rock.2710
rock.2712
rock.2714
rock.2716
rock.2719
rock.2733
rock.2734
rock.2735
rock.2737
rock.2761
rock.2768
rock.2769
rock.2771
rock.2772
rock.2773
rock.2777
rock.2778
rock.2779
rock.2786
rock.2787
rock.2792
rock.2793
rock.2796
rock.2797
rock.2798
rock.2803
rock.2806
rock.2808
rock.2809
rock.2810
rock.2811
rock.2818
rock.2827
rock.2830
rock.2831
rock.2832
rock.2836
romantic.2876897
romantic.2876925
romantic.2877457
romantic.2877458
romantic.2877665
romantic.2877716
romantic.2877721
romantic.2878199
romantic.2879018
romantic.2884940
romantic.2887735
romantic.2892613
romantic.2892621
romantic.2892679
romantic.2892787
romantic.2894110
romantic.2894112
romantic.2894159
romantic.2894792
romantic.2894793
romantic.2894992
romantic.2895056
romantic.2895563
romantic.2895573
romantic.2895575
romantic.2895629
romantic.2895631
romantic.2895674
romantic.2895677
romantic.2895706
romantic.2895945
romantic.2895946
romantic.2895948
romantic.2896042
romantic.2896048
romantic.2896091
romantic.2896092
romantic.2896095
romantic.2896179
romantic.2897155
romantic.2897232
romantic.2897267
romantic.2897295
romantic.2897358
romantic.2897463
romantic.2897468
romantic.2897498
romantic.2897547
romantic.2897548
romantic.2897584
romantic.2897621
romantic.2897663
romantic.2897698
romantic.2897700
romantic.2897744
romantic.2897799
romantic.2898055
romantic.2899056
romantic.2899296
romantic.2899955
romantic.2899956
romantic.2899958
romantic.2899983
romantic.2899994
romantic.2900047
romantic.2900048
romantic.2900049
romantic.2900050
romantic.2900051
romantic.2900052
romantic.2900095
romantic.2900096
romantic.2900130
romantic.2900132
romantic.2900133
romantic.2900136
romantic.2900159
romantic.2900190
romantic.2900231
romantic.2900233
romantic.2900234
romantic.2900264
romantic.2900276
romantic.2900312
romantic.2900318
romantic.2900340
romantic.2900342
romantic.2900344
romantic.2900345
romantic.2900382
romantic.2900388
romantic.2900530
romantic.2900534
romantic.2900554
romantic.2900565
romantic.2900566
romantic.2900613
romantic.2900627
romantic.2900630
