baroque-1001
baroque-1002
baroque-1003
baroque-1004
baroque-1005
baroque-1006
baroque-1007
baroque-1008
baroque-1009
baroque-1010
baroque-1011
baroque-1012
baroque-1014
baroque-1015
baroque-1016
baroque-1018
baroque-1019
baroque-1020
baroque-1022
baroque-1023
baroque-1026
baroque-1027
baroque-1028
baroque-1029
baroque-1030
baroque-1031
baroque-1033
baroque-1034
baroque-1035
baroque-1036
baroque-1037
baroque-1038
baroque-1039
baroque-1040
baroque-1042
baroque-1044
baroque-1045
baroque-1048
baroque-1050
baroque-1051
baroque-1052
baroque-1053
baroque-1054
baroque-1055
baroque-1056
baroque-1057
baroque-1058
baroque-1061
baroque-1063
baroque-1064
baroque-1065
baroque-1066
baroque-1067
baroque-1069
baroque-1070
baroque-1071
baroque-1072
baroque-1073
baroque-1074
baroque-1076
baroque-1077
baroque-1078
baroque-1079
baroque-1080
baroque-1081
baroque-1082
baroque-1084
baroque-1085
baroque-1086
baroque-1087
baroque-1089
baroque-1090
baroque-1091
baroque-1092
baroque-1093
baroque-1094
baroque-1095
baroque-1096
baroque-1097
baroque-1099
baroque-1100
baroque-1101
baroque-1102
baroque-1103
baroque-1104
baroque-1105
baroque-1106
baroque-1107
baroque-1110
baroque-1113
baroque-1114
baroque-1116
baroque-1119
baroque-1121
baroque-1122
baroque-1123
baroque-1130
baroque-1132
baroque-1133
baroque-1134
baroque-1135
baroque-1136
baroque-1139
baroque-1140
baroque-1142
baroque-1144
baroque-1148
baroque-1150
baroque-1151
baroque-1152
baroque-1153
baroque-1154
baroque-1155
baroque-1156
baroque-1157
baroque-1158
baroque-1162
baroque-1163
baroque-1164
baroque-1165
baroque-1167
baroque-1169
baroque-1170
baroque-1171
baroque-1172
baroque-1173
baroque-1175
baroque-1176
baroque-1178
baroque-1181
baroque-1182
baroque-1183
baroque-1184
baroque-1187
baroque-1189
baroque-1190
baroque-1191
baroque-1192
baroque-1193
baroque-1196
baroque-1198
baroque-1199
baroque-1200
baroque-1203
baroque-1204
baroque-1205
baroque-1206
baroque-1207
baroque-1209
baroque-1210
baroque-1212
baroque-1215
baroque-1216
baroque-1217
baroque-1218
baroque-1220
baroque-1221
baroque-1223
baroque-1224
baroque-1226
baroque-1228
baroque-1230
baroque-1232
baroque-1234
baroque-1235
baroque-1238
baroque-1239
baroque-1241
baroque-1243
baroque-1244
baroque-1245
baroque-1246
baroque-1247
baroque-1248
baroque-1249
baroque-1250
baroque-1252
baroque-1253
baroque-1254
baroque-1256
baroque-1257
baroque-1259
baroque-1262
baroque-1263
baroque-1264
baroque-1265
baroque-1266
baroque-1269
baroque-1270
baroque-1272
baroque-1273
baroque-1274
baroque-1275
baroque-1277
baroque-1280
baroque-1281
baroque-1282
baroque-1283
baroque-1284
baroque-1285
baroque-1286
baroque-1287
baroque-1288
baroque-1289
baroque-1296
baroque-1297
baroque-1298
baroque-1299
baroque-1300
baroque-1301
baroque-1302
baroque-1306
baroque-1307
baroque-1308
baroque-1309
baroque-1310
baroque-1311
baroque-1312
baroque-1313
baroque-1314
baroque-1315
baroque-1316
baroque-1317
baroque-1319
baroque-1320
baroque-1322
baroque-1323
baroque-1324
baroque-1327
baroque-1328
baroque-1329
baroque-1332
baroque-1334
baroque-1335
baroque-1336
baroque-1337
baroque-1338
baroque-1339
baroque-1340
baroque-1341
baroque-1342
baroque-1343
baroque-1344
baroque-1345
baroque-1346
baroque-1349
baroque-1351
baroque-1352
baroque-1353
baroque-1355
baroque-1357
baroque-1358
baroque-1359
baroque-1361
baroque-1362
baroque-1364
baroque-1366
baroque-1367
baroque-1370
baroque-1371
baroque-1373
baroque-1375
baroque-1376
baroque-1378
baroque-1379
baroque-1380
baroque-1382
baroque-1384
baroque-1386
baroque-1388
baroque-1389
baroque-1390
baroque-1394
baroque-1396
baroque-1397
baroque-1404
baroque-1405
baroque-1407
baroque-1409
baroque-1411
baroque-1413
baroque-1414
baroque-1415
baroque-1416
baroque-1417
baroque-1420
baroque-1421
baroque-1422
baroque-1423
baroque-1424
baroque-1425
baroque-1426
baroque-1427
baroque-1429
baroque-1430
baroque-1431
baroque-1433
baroque-1434
baroque-1435
baroque-1438
baroque-1439
baroque-1440
baroque-1441
baroque-1442
baroque-1443
baroque-1445
baroque-1446
baroque-1449
baroque-1452
baroque-1453
baroque-1454
baroque-1456
baroque-1458
baroque-1460
baroque-1461
baroque-1462
baroque-1464
baroque-1466
baroque-1467
baroque-1468
baroque-1469
baroque-1470
baroque-1472
baroque-1473
baroque-1475
baroque-1476
baroque-1478
baroque-1485
baroque-1486
baroque-1487
baroque-1488
baroque-1495
baroque-1496
baroque-1497
baroque-1498
baroque-1500
baroque-1502
baroque-1503
baroque-1505
baroque-1509
baroque-1511
baroque-1512
baroque-1514
baroque-1515
baroque-1517
baroque-1520
baroque-1521
baroque-1522
baroque-1523
baroque-1524
baroque-1526
baroque-1527
baroque-1530
baroque-1531
baroque-1532
baroque-1533
baroque-1535
baroque-1536
baroque-1537
baroque-1539
baroque-1540
baroque-1541
baroque-1543
baroque-1545
baroque-1546
baroque-1548
baroque-1550
baroque-1551
baroque-1552
baroque-1553
baroque-1554
baroque-1556
baroque-1558
baroque-1560
baroque-1563
baroque-1564
baroque-1565
baroque-1566
baroque-1567
baroque-1568
baroque-1569
baroque-1570
baroque-1573
baroque-1574
baroque-1575
baroque-1579
baroque-1580
baroque-1581
baroque-1582
baroque-1583
baroque-1584
baroque-1587
baroque-1588
baroque-1589
baroque-1591
baroque-1592
baroque-1593
baroque-1594
baroque-1596
baroque-1597
baroque-1599
baroque-1601
baroque-1604
baroque-1607
baroque-1608
baroque-1609
baroque-1610
baroque-1611
baroque-1612
baroque-1613
baroque-1616
baroque-1618
baroque-1619
baroque-1620
baroque-1621
baroque-1622
baroque-1624
baroque-1625
baroque-1626
baroque-1627
baroque-1628
baroque-1629
baroque-1630
baroque-1634
baroque-1635
baroque-1636
baroque-1638
baroque-1639
baroque-1640
baroque-1642
baroque-1644
baroque-1645
baroque-1647
baroque-1648
baroque-1650
baroque-1651
baroque-1652
baroque-1656
baroque-1657
baroque-1659
baroque-1660
baroque-1661
baroque-1662
baroque-1664
baroque-1666
baroque-1668
baroque-1669
baroque-1670
baroque-1671
baroque-1673
baroque-1674
baroque-1679
baroque-1681
baroque-1684
baroque-1685
baroque-1686
baroque-1688
baroque-1689
baroque-1690
baroque-1691
baroque-1692
baroque-1694
baroque-1695
baroque-1696
baroque-1697
baroque-1698
blues-1000
blues-1001
blues-1004
blues-1005
blues-1006
blues-1007
blues-1008
blues-1010
blues-1011
blues-1012
blues-1013
blues-1014
blues-1015
blues-1018
blues-1019
blues-1021
blues-1024
blues-1027
blues-1029
blues-1030
blues-1031
blues-1032
blues-1034
blues-1035
blues-1036
blues-1037
blues-1039
blues-1040
blues-1041
blues-1043
blues-1044
blues-1046
blues-1047
blues-1048
blues-1049
blues-1050
blues-1051
blues-1052
blues-1054
blues-1055
blues-1056
blues-1057
blues-1059
blues-1060
blues-1061
blues-1062
blues-1063
blues-1064
blues-1065
blues-1066
blues-1067
blues-1069
blues-1070
blues-1071
blues-1073
blues-1074
blues-1075
blues-1076
blues-1077
blues-1078
blues-1080
blues-1081
blues-1085
blues-1086
blues-1087
blues-1088
blues-1090
blues-1091
blues-1093
blues-1094
blues-1095
blues-1096
blues-1098
blues-1099
blues-1100
blues-1101
blues-1102
blues-1103
blues-1104
blues-1105
blues-1107
blues-1108
blues-1109
blues-1110
blues-1112
blues-1114
blues-1115
blues-1116
blues-1117
blues-1118
blues-1126
blues-1127
blues-1128
blues-1129
blues-1131
blues-1133
blues-1134
blues-1137
blues-1138
blues-1140
blues-1141
blues-1143
blues-1146
blues-1147
blues-1148
blues-1151
blues-1152
blues-1153
blues-1156
blues-1157
blues-1159
blues-1160
blues-1161
blues-1163
blues-1164
blues-1165
blues-1169
blues-1171
blues-1175
blues-1176
blues-1177
blues-1178
blues-1179
blues-1180
blues-1181
blues-1182
blues-1183
blues-1184
blues-1186
blues-1189
blues-1190
blues-1191
blues-1193
blues-1194
blues-1196
blues-1197
blues-1200
blues-1202
blues-1204
blues-1205
blues-1206
blues-1207
blues-1209
blues-1212
blues-1214
blues-1218
blues-1219
blues-1220
blues-1221
blues-1222
blues-1223
blues-1224
blues-1226
blues-1227
blues-1228
blues-1230
blues-1231
blues-1232
blues-1233
blues-1234
blues-1235
blues-1237
blues-1238
blues-1240
blues-1242
blues-1243
blues-1244
blues-1246
blues-1248
blues-1250
blues-1251
blues-1252
blues-1253
blues-1255
blues-1256
blues-1257
blues-1259
blues-1260
blues-1261
blues-1262
blues-1263
blues-1265
blues-1266
blues-1270
blues-1272
blues-1273
blues-1274
blues-1275
blues-1276
blues-1277
blues-1278
blues-1279
blues-1282
blues-1283
blues-1284
blues-1285
blues-1286
blues-1287
blues-1288
blues-1290
blues-1291
blues-1292
blues-1293
blues-1294
blues-1295
blues-1296
blues-1297
blues-1298
blues-1299
blues-1300
blues-1301
blues-1303
blues-1304
blues-1307
blues-1308
blues-1310
blues-1311
blues-1312
blues-1314
blues-1316
blues-1318
blues-1320
blues-1321
blues-1323
blues-1324
blues-1325
blues-1326
blues-1327
blues-1330
blues-1331
blues-1332
blues-1334
blues-1335
blues-1337
blues-1338
blues-1339
blues-1341
blues-1342
blues-1344
blues-1345
blues-1346
blues-1347
blues-1348
blues-1350
blues-1351
blues-1352
blues-1353
blues-1354
blues-1355
blues-1356
blues-1357
blues-1358
blues-1360
blues-1361
blues-1362
blues-1363
blues-1365
blues-1367
blues-1369
blues-1370
blues-1372
blues-1374
blues-1375
blues-1378
blues-1380
blues-1383
blues-1384
blues-1385
blues-1387
blues-1388
blues-1392
blues-1393
blues-1394
blues-1396
blues-1397
blues-1400
blues-1401
blues-1402
blues-1404
blues-1405
blues-1407
blues-1408
blues-1410
blues-1411
blues-1412
blues-1413
blues-1416
blues-1418
blues-1420
blues-1421
blues-1422
blues-1424
blues-1426
blues-1427
blues-1430
blues-1431
blues-1432
blues-1436
blues-1437
blues-1439
blues-1440
blues-1441
blues-1442
blues-1446
blues-1450
blues-1452
blues-1453
blues-1454
blues-1455
blues-1456
blues-1457
blues-1458
blues-1460
blues-1461
blues-1464
blues-1465
blues-1467
blues-1469
blues-1471
blues-1472
blues-1473
blues-1475
blues-1476
blues-1477
blues-1478
blues-1484
blues-1485
blues-1488
blues-1490
blues-1493
blues-1494
blues-1496
blues-1497
blues-1498
blues-1500
blues-1503
blues-1505
blues-1507
blues-1508
blues-1510
blues-1511
blues-1512
blues-1513
blues-1515
blues-1516
blues-1518
blues-1519
blues-1520
blues-1521
blues-1524
blues-1526
blues-1528
blues-1529
blues-1530
blues-1531
blues-1537
blues-1538
blues-1539
blues-1540
blues-1542
blues-1543
blues-1545
blues-1548
blues-1549
blues-1550
blues-1551
blues-1552
blues-1555
blues-1556
blues-1557
blues-1560
blues-1562
blues-1563
blues-1564
blues-1568
blues-1570
blues-1571
blues-1572
blues-1573
blues-1574
blues-1575
blues-1576
blues-1577
blues-1578
blues-1580
blues-1581
blues-1582
blues-1583
blues-1587
blues-1588
blues-1590
blues-1592
blues-1593
blues-1595
blues-1597
blues-1598
blues-1599
blues-1601
blues-1603
blues-1605
blues-1606
blues-1607
blues-1608
blues-1609
blues-1610
blues-1611
blues-1612
blues-1613
blues-1614
blues-1616
blues-1617
blues-1618
blues-1620
blues-1621
blues-1623
blues-1624
blues-1625
blues-1626
blues-1628
blues-1629
blues-1630
blues-1631
blues-1632
blues-1633
blues-1634
blues-1636
blues-1637
blues-1640
blues-1641
blues-1643
blues-1645
blues-1646
blues-1647
blues-1649
blues-1651
blues-1652
blues-1654
blues-1656
blues-1658
blues-1659
blues-1660
blues-1661
blues-1662
blues-1664
blues-1666
blues-1667
blues-1668
blues-1669
blues-1671
blues-1674
blues-1675
blues-1678
blues-1679
blues-1680
blues-1681
blues-1682
blues-1684
blues-1686
blues-1687
blues-1688
blues-1691
blues-1693
blues-1695
blues-1696
blues-1697
blues-1698
classical-1000
classical-1001
classical-1002
classical-1003
classical-1004
classical-1007
classical-1008
classical-1009
classical-1012
classical-1014
classical-1016
classical-1017
classical-1018
classical-1019
classical-1020
classical-1021
classical-1022
classical-1023
classical-1024
classical-1025
classical-1026
classical-1027
classical-1028
classical-1029
classical-1030
classical-1031
classical-1032
classical-1033
classical-1034
classical-1035
classical-1036
classical-1037
classical-1039
classical-1040
classical-1041
classical-1044
classical-1045
classical-1047
classical-1049
classical-1052
classical-1054
classical-1058
classical-1059
classical-1060
classical-1061
classical-1063
classical-1065
classical-1066
classical-1067
classical-1068
classical-1070
classical-1072
classical-1073
classical-1074
classical-1075
classical-1076
classical-1077
classical-1078
classical-1081
classical-1082
classical-1083
classical-1084
classical-1086
classical-1088
classical-1090
classical-1091
classical-1092
classical-1094
classical-1095
classical-1096
classical-1098
classical-1099
classical-1101
classical-1102
classical-1103
classical-1104
classical-1105
classical-1107
classical-1108
classical-1110
classical-1112
classical-1114
classical-1115
classical-1116
classical-1118
classical-1119
classical-1120
classical-1123
classical-1125
classical-1126
classical-1127
classical-1130
classical-1131
classical-1132
classical-1133
classical-1134
classical-1135
classical-1136
classical-1137
classical-1139
classical-1141
classical-1142
classical-1143
classical-1144
classical-1147
classical-1150
classical-1151
classical-1155
classical-1156
classical-1157
classical-1158
classical-1159
classical-1161
classical-1163
classical-1164
classical-1166
classical-1167
classical-1168
classical-1169
classical-1170
classical-1171
classical-1178
classical-1179
classical-1180
classical-1181
classical-1182
classical-1183
classical-1186
classical-1187
classical-1188
classical-1189
classical-1190
classical-1193
classical-1194
classical-1196
classical-1197
classical-1198
classical-1200
classical-1201
classical-1202
classical-1206
classical-1207
classical-1208
classical-1210
classical-1211
classical-1213
classical-1214
classical-1215
classical-1217
classical-1218
classical-1219
classical-1220
classical-1221
classical-1222
classical-1225
classical-1226
classical-1227
classical-1230
classical-1232
classical-1233
classical-1234
classical-1235
classical-1236
classical-1237
classical-1238
classical-1239
classical-1242
classical-1244
classical-1245
classical-1246
classical-1247
classical-1248
classical-1251
classical-1252
classical-1253
classical-1254
classical-1255
classical-1256
classical-1258
classical-1259
classical-1261
classical-1262
classical-1263
classical-1264
classical-1265
classical-1266
classical-1267
classical-1268
classical-1271
classical-1274
classical-1276
classical-1277
classical-1278
classical-1280
classical-1281
classical-1282
classical-1283
classical-1284
classical-1287
classical-1288
classical-1290
classical-1294
classical-1299
classical-1304
classical-1306
classical-1307
classical-1308
classical-1309
classical-1310
classical-1312
classical-1314
classical-1316
classical-1318
classical-1320
classical-1321
classical-1323
classical-1324
classical-1326
classical-1327
classical-1328
classical-1329
classical-1330
classical-1331
classical-1333
classical-1334
classical-1335
classical-1338
classical-1339
classical-1340
classical-1341
classical-1343
classical-1344
classical-1346
classical-1347
classical-1348
classical-1350
classical-1353
classical-1355
classical-1357
classical-1358
classical-1362
classical-1364
classical-1365
classical-1366
classical-1368
classical-1370
classical-1371
classical-1372
classical-1376
classical-1377
classical-1378
classical-1379
classical-1381
classical-1382
classical-1385
classical-1386
classical-1387
classical-1388
classical-1389
classical-1390
classical-1391
classical-1392
classical-1394
classical-1396
classical-1397
classical-1400
classical-1404
classical-1405
classical-1406
classical-1407
classical-1408
classical-1409
classical-1410
classical-1413
classical-1415
classical-1416
classical-1418
classical-1423
classical-1425
classical-1427
classical-1428
classical-1430
classical-1431
classical-1432
classical-1434
classical-1436
classical-1437
classical-1438
classical-1440
classical-1441
classical-1443
classical-1444
classical-1445
classical-1447
classical-1449
classical-1450
classical-1451
classical-1452
classical-1453
classical-1455
classical-1457
classical-1458
classical-1460
classical-1462
classical-1463
classical-1464
classical-1465
classical-1466
classical-1467
classical-1468
classical-1469
classical-1470
classical-1471
classical-1472
classical-1474
classical-1477
classical-1478
classical-1479
classical-1480
classical-1481
classical-1482
classical-1485
classical-1487
classical-1489
classical-1490
classical-1491
classical-1492
classical-1493
classical-1494
classical-1495
classical-1500
classical-1501
classical-1502
classical-1503
classical-1506
classical-1509
classical-1510
classical-1511
classical-1512
classical-1515
classical-1517
classical-1520
classical-1521
classical-1523
classical-1525
classical-1526
classical-1527
classical-1528
classical-1529
classical-1531
classical-1532
classical-1533
classical-1534
classical-1535
classical-1536
classical-1537
classical-1538
classical-1543
classical-1544
classical-1545
classical-1546
classical-1549
classical-1550
classical-1552
classical-1553
classical-1554
classical-1555
classical-1556
classical-1557
classical-1558
classical-1559
classical-1560
classical-1561
classical-1562
classical-1563
classical-1564
classical-1565
classical-1567
classical-1568
classical-1571
classical-1573
classical-1574
classical-1575
classical-1576
classical-1577
classical-1579
classical-1581
classical-1582
classical-1583
classical-1584
classical-1585
classical-1587
classical-1588
classical-1589
classical-1591
classical-1596
classical-1597
classical-1598
classical-1602
classical-1604
classical-1605
classical-1607
classical-1610
classical-1611
classical-1614
classical-1615
classical-1616
classical-1617
classical-1618
classical-1619
classical-1621
classical-1622
classical-1625
classical-1626
classical-1627
classical-1628
classical-1629
classical-1630
classical-1632
classical-1633
classical-1637
classical-1638
classical-1639
classical-1641
classical-1642
classical-1644
classical-1645
classical-1647
classical-1648
classical-1652
classical-1653
classical-1654
classical-1655
classical-1658
classical-1659
classical-1660
classical-1661
classical-1662
classical-1663
classical-1664
classical-1666
classical-1667
classical-1668
classical-1669
classical-1670
classical-1672
classical-1673
classical-1674
classical-1675
classical-1676
classical-1677
classical-1678
classical-1681
classical-1683
classical-1684
classical-1687
classical-1688
classical-1689
classical-1691
classical-1692
classical-1693
classical-1694
classical-1695
classical-1697
classical-1698
classical-1699
country-1001
country-1002
country-1004
country-1005
country-1006
country-1009
country-1011
country-1013
country-1014
country-1016
country-1018
country-1019
country-1020
country-1021
country-1024
country-1025
country-1026
country-1027
country-1028
country-1029
country-1030
country-1033
country-1035
country-1036
country-1037
country-1038
country-1039
country-1040
country-1041
country-1043
country-1044
country-1045
country-1048
country-1049
country-1051
country-1052
country-1053
country-1054
country-1056
country-1058
country-1059
country-1062
country-1064
country-1065
country-1066
country-1067
country-1068
country-1069
country-1071
country-1072
country-1074
country-1075
country-1077
country-1078
country-1080
country-1082
country-1083
country-1085
country-1086
country-1087
country-1089
country-1090
country-1091
country-1092
country-1094
country-1095
country-1097
country-1098
country-1100
country-1102
country-1103
country-1105
country-1106
country-1107
country-1108
country-1109
country-1110
country-1111
country-1112
country-1113
country-1114
country-1115
country-1116
country-1117
country-1118
country-1119
country-1120
country-1122
country-1123
country-1126
country-1127
country-1128
country-1129
country-1130
country-1133
country-1134
country-1135
country-1136
country-1137
country-1138
country-1139
country-1140
country-1141
country-1142
country-1145
country-1147
country-1151
country-1152
country-1153
country-1154
country-1156
country-1157
country-1159
country-1160
country-1163
country-1164
country-1165
country-1166
country-1167
country-1168
country-1169
country-1170
country-1172
country-1173
country-1174
country-1176
country-1178
country-1180
country-1181
country-1182
country-1183
country-1184
country-1185
country-1187
country-1188
country-1189
country-1191
country-1192
country-1195
country-1196
country-1198
country-1200
country-1201
country-1202
country-1203
country-1205
country-1207
country-1208
country-1209
country-1211
country-1215
country-1217
country-1219
country-1220
country-1221
country-1222
country-1223
country-1224
country-1227
country-1228
country-1229
country-1230
country-1233
country-1236
country-1239
country-1241
country-1242
country-1243
country-1245
country-1246
country-1247
country-1248
country-1249
country-1250
country-1253
country-1254
country-1256
country-1257
country-1258
country-1259
country-1260
country-1261
country-1262
country-1263
country-1264
country-1265
country-1268
country-1271
country-1272
country-1276
country-1277
country-1278
country-1281
country-1286
country-1287
country-1289
country-1292
country-1293
country-1294
country-1295
country-1297
country-1300
country-1303
country-1304
country-1305
country-1307
country-1308
country-1309
country-1310
country-1311
country-1312
country-1313
country-1315
country-1316
country-1317
country-1319
country-1320
country-1324
country-1325
country-1330
country-1331
country-1333
country-1334
country-1335
country-1338
country-1339
country-1342
country-1343
country-1345
country-1346
country-1347
country-1349
country-1353
country-1356
country-1357
country-1359
country-1360
country-1362
country-1366
country-1367
country-1369
country-1370
country-1371
country-1375
country-1376
country-1377
country-1378
country-1379
country-1380
country-1381
country-1382
country-1384
country-1386
country-1388
country-1391
country-1393
country-1395
country-1396
country-1398
country-1400
country-1401
country-1403
country-1406
country-1408
country-1409
country-1410
country-1411
country-1414
country-1415
country-1417
country-1418
country-1421
country-1422
country-1423
country-1425
country-1426
country-1427
country-1429
country-1430
country-1432
country-1433
country-1435
country-1436
country-1437
country-1438
country-1439
country-1440
country-1441
country-1443
country-1444
country-1445
country-1447
country-1448
country-1449
country-1450
country-1451
country-1452
country-1454
country-1455
country-1456
country-1457
country-1461
country-1462
country-1466
country-1467
country-1469
country-1470
country-1471
country-1472
country-1473
country-1474
country-1475
country-1476
country-1477
country-1478
country-1481
country-1482
country-1483
country-1485
country-1487
country-1488
country-1491
country-1493
country-1497
country-1498
country-1499
country-1500
country-1503
country-1504
country-1505
country-1506
country-1507
country-1509
country-1510
country-1511
country-1513
country-1514
country-1515
country-1516
country-1518
country-1519
country-1522
country-1523
country-1524
country-1525
country-1526
country-1527
country-1528
country-1529
country-1530
country-1533
country-1534
country-1536
country-1537
country-1538
country-1540
country-1541
country-1542
country-1543
country-1544
country-1545
country-1547
country-1548
country-1549
country-1551
country-1552
country-1553
country-1554
country-1556
country-1559
country-1560
country-1561
country-1566
country-1567
country-1568
country-1569
country-1570
country-1571
country-1573
country-1574
country-1577
country-1578
country-1579
country-1580
country-1581
country-1583
country-1585
country-1586
country-1588
country-1591
country-1592
country-1593
country-1596
country-1597
country-1598
country-1600
country-1602
country-1604
country-1605
country-1606
country-1607
country-1608
country-1609
country-1610
country-1611
country-1614
country-1615
country-1616
country-1618
country-1619
country-1620
country-1621
country-1622
country-1623
country-1624
country-1626
country-1628
country-1630
country-1632
country-1633
country-1635
country-1636
country-1637
country-1639
country-1643
country-1644
country-1646
country-1647
country-1648
country-1650
country-1652
country-1653
country-1655
country-1656
country-1657
country-1658
country-1660
country-1661
country-1662
country-1663
country-1664
country-1666
country-1667
country-1668
country-1670
country-1671
country-1673
country-1674
country-1675
country-1676
country-1679
country-1680
country-1681
country-1684
country-1685
country-1686
country-1687
country-1688
country-1689
country-1690
country-1691
country-1693
country-1695
country-1697
country-1698
country-1699
electronica-1001
electronica-1002
electronica-1003
electronica-1004
electronica-1007
electronica-1009
electronica-1011
electronica-1016
electronica-1017
electronica-1020
electronica-1021
electronica-1022
electronica-1023
electronica-1024
electronica-1026
electronica-1027
electronica-1029
electronica-1031
electronica-1033
electronica-1034
electronica-1035
electronica-1037
electronica-1038
electronica-1040
electronica-1042
electronica-1046
electronica-1047
electronica-1048
electronica-1049
electronica-1051
electronica-1052
electronica-1058
electronica-1059
electronica-1060
electronica-1061
electronica-1062
electronica-1063
electronica-1064
electronica-1066
electronica-1067
electronica-1069
electronica-1070
electronica-1071
electronica-1075
electronica-1077
electronica-1078
electronica-1080
electronica-1081
electronica-1082
electronica-1083
electronica-1084
electronica-1086
electronica-1087
electronica-1088
electronica-1092
electronica-1095
electronica-1096
electronica-1097
electronica-1099
electronica-1100
electronica-1102
electronica-1107
electronica-1108
electronica-1109
electronica-1110
electronica-1111
electronica-1112
electronica-1114
electronica-1115
electronica-1116
electronica-1117
electronica-1118
electronica-1120
electronica-1122
electronica-1123
electronica-1124
electronica-1125
electronica-1126
electronica-1128
electronica-1129
electronica-1130
electronica-1132
electronica-1133
electronica-1134
electronica-1136
electronica-1137
electronica-1140
electronica-1141
electronica-1142
electronica-1143
electronica-1144
electronica-1145
electronica-1146
electronica-1147
electronica-1148
electronica-1149
electronica-1150
electronica-1151
electronica-1152
electronica-1153
electronica-1154
electronica-1156
electronica-1157
electronica-1159
electronica-1160
electronica-1162
electronica-1164
electronica-1165
electronica-1167
electronica-1168
electronica-1173
electronica-1175
electronica-1180
electronica-1181
electronica-1184
electronica-1185
electronica-1186
electronica-1188
electronica-1189
electronica-1191
electronica-1192
electronica-1193
electronica-1194
electronica-1195
electronica-1197
electronica-1198
electronica-1199
electronica-1200
electronica-1201
electronica-1203
electronica-1206
electronica-1207
electronica-1209
electronica-1210
electronica-1212
electronica-1214
electronica-1215
electronica-1216
electronica-1217
electronica-1218
electronica-1219
electronica-1221
electronica-1222
electronica-1224
electronica-1225
electronica-1227
electronica-1229
electronica-1230
electronica-1231
electronica-1233
electronica-1234
electronica-1239
electronica-1241
electronica-1242
electronica-1243
electronica-1247
electronica-1248
electronica-1249
electronica-1250
electronica-1252
electronica-1254
electronica-1255
electronica-1256
electronica-1259
electronica-1260
electronica-1261
electronica-1262
electronica-1264
electronica-1265
electronica-1266
electronica-1267
electronica-1269
electronica-1270
electronica-1271
electronica-1273
electronica-1274
electronica-1275
electronica-1278
electronica-1279
electronica-1281
electronica-1283
electronica-1284
electronica-1285
electronica-1286
electronica-1287
electronica-1289
electronica-1291
electronica-1292
electronica-1293
electronica-1294
electronica-1297
electronica-1298
electronica-1301
electronica-1303
electronica-1305
electronica-1306
electronica-1307
electronica-1309
electronica-1310
electronica-1313
electronica-1317
electronica-1318
electronica-1320
electronica-1321
electronica-1322
electronica-1323
electronica-1326
electronica-1327
electronica-1328
electronica-1329
electronica-1330
electronica-1332
electronica-1333
electronica-1335
electronica-1336
electronica-1338
electronica-1339
electronica-1343
electronica-1344
electronica-1347
electronica-1348
electronica-1350
electronica-1351
electronica-1354
electronica-1356
electronica-1357
electronica-1358
electronica-1359
electronica-1360
electronica-1361
electronica-1362
electronica-1363
electronica-1365
electronica-1366
electronica-1367
electronica-1368
electronica-1370
electronica-1371
electronica-1372
electronica-1373
electronica-1374
electronica-1375
electronica-1376
electronica-1377
electronica-1378
electronica-1379
electronica-1380
electronica-1381
electronica-1382
electronica-1383
electronica-1385
electronica-1387
electronica-1388
electronica-1390
electronica-1392
electronica-1393
electronica-1394
electronica-1396
electronica-1397
electronica-1398
electronica-1400
electronica-1401
electronica-1403
electronica-1404
electronica-1405
electronica-1406
electronica-1407
electronica-1408
electronica-1412
electronica-1413
electronica-1414
electronica-1415
electronica-1418
electronica-1419
electronica-1422
electronica-1423
electronica-1426
electronica-1428
electronica-1430
electronica-1431
electronica-1432
electronica-1433
electronica-1435
electronica-1437
electronica-1439
electronica-1440
electronica-1441
electronica-1442
electronica-1444
electronica-1445
electronica-1447
electronica-1448
electronica-1449
electronica-1450
electronica-1451
electronica-1452
electronica-1454
electronica-1455
electronica-1457
electronica-1461
electronica-1462
electronica-1464
electronica-1465
electronica-1466
electronica-1467
electronica-1469
electronica-1470
electronica-1475
electronica-1476
electronica-1479
electronica-1481
electronica-1482
electronica-1484
electronica-1485
electronica-1486
electronica-1487
electronica-1488
electronica-1489
electronica-1490
electronica-1491
electronica-1492
electronica-1493
electronica-1494
electronica-1495
electronica-1497
electronica-1498
electronica-1499
electronica-1500
electronica-1502
electronica-1503
electronica-1504
electronica-1505
electronica-1506
electronica-1507
electronica-1508
electronica-1509
electronica-1510
electronica-1512
electronica-1515
electronica-1516
electronica-1519
electronica-1520
electronica-1521
electronica-1523
electronica-1524
electronica-1527
electronica-1529
electronica-1530
electronica-1533
electronica-1534
electronica-1535
electronica-1536
electronica-1538
electronica-1539
electronica-1540
electronica-1542
electronica-1543
electronica-1545
electronica-1546
electronica-1547
electronica-1548
electronica-1549
electronica-1550
electronica-1551
electronica-1552
electronica-1553
electronica-1554
electronica-1556
electronica-1557
electronica-1558
electronica-1559
electronica-1562
electronica-1563
electronica-1566
electronica-1567
electronica-1569
electronica-1570
electronica-1573
electronica-1576
electronica-1577
electronica-1578
electronica-1579
electronica-1580
electronica-1581
electronica-1582
electronica-1584
electronica-1585
electronica-1586
electronica-1589
electronica-1590
electronica-1591
electronica-1592
electronica-1593
electronica-1594
electronica-1595
electronica-1597
electronica-1598
electronica-1601
electronica-1603
electronica-1604
electronica-1607
electronica-1608
electronica-1609
electronica-1610
electronica-1612
electronica-1613
electronica-1614
electronica-1615
electronica-1616
electronica-1617
electronica-1619
electronica-1620
electronica-1621
electronica-1624
electronica-1625
electronica-1627
electronica-1629
electronica-1630
electronica-1634
electronica-1635
electronica-1637
electronica-1639
electronica-1640
electronica-1643
electronica-1644
electronica-1645
electronica-1647
electronica-1650
electronica-1651
electronica-1654
electronica-1658
electronica-1659
electronica-1661
electronica-1663
electronica-1664
electronica-1665
electronica-1666
electronica-1667
electronica-1668
electronica-1670
electronica-1671
electronica-1672
electronica-1673
electronica-1674
electronica-1675
electronica-1677
electronica-1678
electronica-1679
electronica-1680
electronica-1681
electronica-1682
electronica-1683
electronica-1684
electronica-1685
electronica-1686
electronica-1687
electronica-1688
electronica-1689
electronica-1690
electronica-1693
electronica-1694
electronica-1695
electronica-1696
electronica-1697
electronica-1698
electronica-1699
hip-hop-1001
hip-hop-1002
hip-hop-1003
hip-hop-1004
hip-hop-1005
hip-hop-1006
hip-hop-1007
hip-hop-1008
hip-hop-1009
hip-hop-1010
hip-hop-1011
hip-hop-1012
hip-hop-1013
hip-hop-1014
hip-hop-1015
hip-hop-1016
hip-hop-1018
hip-hop-1019
hip-hop-1021
hip-hop-1022
hip-hop-1023
hip-hop-1024
hip-hop-1025
hip-hop-1026
hip-hop-1028
hip-hop-1031
hip-hop-1035
hip-hop-1036
hip-hop-1037
hip-hop-1038
hip-hop-1039
hip-hop-1042
hip-hop-1043
hip-hop-1044
hip-hop-1045
hip-hop-1047
hip-hop-1048
hip-hop-1049
hip-hop-1051
hip-hop-1052
hip-hop-1054
hip-hop-1055
hip-hop-1056
hip-hop-1057
hip-hop-1058
hip-hop-1059
hip-hop-1060
hip-hop-1061
hip-hop-1062
hip-hop-1063
hip-hop-1068
hip-hop-1069
hip-hop-1072
hip-hop-1075
hip-hop-1076
hip-hop-1079
hip-hop-1082
hip-hop-1083
hip-hop-1085
hip-hop-1086
hip-hop-1088
hip-hop-1095
hip-hop-1096
hip-hop-1098
hip-hop-1099
hip-hop-1100
hip-hop-1101
hip-hop-1104
hip-hop-1105
hip-hop-1106
hip-hop-1108
hip-hop-1109
hip-hop-1112
hip-hop-1114
hip-hop-1117
hip-hop-1118
hip-hop-1119
hip-hop-1121
hip-hop-1122
hip-hop-1123
hip-hop-1124
hip-hop-1126
hip-hop-1128
hip-hop-1130
hip-hop-1131
hip-hop-1132
hip-hop-1133
hip-hop-1134
hip-hop-1136
hip-hop-1138
hip-hop-1139
hip-hop-1141
hip-hop-1143
hip-hop-1144
hip-hop-1145
hip-hop-1149
hip-hop-1150
hip-hop-1151
hip-hop-1152
hip-hop-1153
hip-hop-1154
hip-hop-1155
hip-hop-1156
hip-hop-1157
hip-hop-1159
hip-hop-1160
hip-hop-1161
hip-hop-1162
hip-hop-1163
hip-hop-1165
hip-hop-1166
hip-hop-1167
hip-hop-1169
hip-hop-1171
hip-hop-1172
hip-hop-1173
hip-hop-1175
hip-hop-1176
hip-hop-1177
hip-hop-1178
hip-hop-1179
hip-hop-1180
hip-hop-1181
hip-hop-1183
hip-hop-1185
hip-hop-1187
hip-hop-1188
hip-hop-1189
hip-hop-1190
hip-hop-1191
hip-hop-1192
hip-hop-1195
hip-hop-1196
hip-hop-1197
hip-hop-1200
hip-hop-1201
hip-hop-1202
hip-hop-1205
hip-hop-1206
hip-hop-1207
hip-hop-1209
hip-hop-1210
hip-hop-1211
hip-hop-1212
hip-hop-1214
hip-hop-1215
hip-hop-1219
hip-hop-1220
hip-hop-1223
hip-hop-1224
hip-hop-1225
hip-hop-1226
hip-hop-1228
hip-hop-1229
hip-hop-1230
hip-hop-1233
hip-hop-1234
hip-hop-1235
hip-hop-1236
hip-hop-1237
hip-hop-1238
hip-hop-1239
hip-hop-1240
hip-hop-1241
hip-hop-1244
hip-hop-1245
hip-hop-1247
hip-hop-1249
hip-hop-1250
hip-hop-1254
hip-hop-1255
hip-hop-1256
hip-hop-1257
hip-hop-1259
hip-hop-1260
hip-hop-1261
hip-hop-1264
hip-hop-1265
hip-hop-1267
hip-hop-1268
hip-hop-1269
hip-hop-1270
hip-hop-1271
hip-hop-1272
hip-hop-1273
hip-hop-1274
hip-hop-1275
hip-hop-1276
hip-hop-1278
hip-hop-1279
hip-hop-1284
hip-hop-1285
hip-hop-1286
hip-hop-1287
hip-hop-1288
hip-hop-1290
hip-hop-1292
hip-hop-1293
hip-hop-1294
hip-hop-1298
hip-hop-1299
hip-hop-1300
hip-hop-1301
hip-hop-1302
hip-hop-1303
hip-hop-1304
hip-hop-1305
hip-hop-1306
hip-hop-1308
hip-hop-1309
hip-hop-1311
hip-hop-1313
hip-hop-1316
hip-hop-1318
hip-hop-1319
hip-hop-1320
hip-hop-1321
hip-hop-1322
hip-hop-1324
hip-hop-1325
hip-hop-1326
hip-hop-1327
hip-hop-1328
hip-hop-1329
hip-hop-1331
hip-hop-1333
hip-hop-1339
hip-hop-1340
hip-hop-1342
hip-hop-1343
hip-hop-1344
hip-hop-1345
hip-hop-1346
hip-hop-1347
hip-hop-1349
hip-hop-1352
hip-hop-1354
hip-hop-1355
hip-hop-1356
hip-hop-1357
hip-hop-1358
hip-hop-1359
hip-hop-1360
hip-hop-1361
hip-hop-1362
hip-hop-1363
hip-hop-1364
hip-hop-1365
hip-hop-1366
hip-hop-1367
hip-hop-1368
hip-hop-1369
hip-hop-1371
hip-hop-1372
hip-hop-1373
hip-hop-1374
hip-hop-1375
hip-hop-1376
hip-hop-1378
hip-hop-1379
hip-hop-1380
hip-hop-1381
hip-hop-1383
hip-hop-1384
hip-hop-1386
hip-hop-1387
hip-hop-1388
hip-hop-1389
hip-hop-1391
hip-hop-1392
hip-hop-1393
hip-hop-1395
hip-hop-1398
hip-hop-1399
hip-hop-1401
hip-hop-1402
hip-hop-1403
hip-hop-1404
hip-hop-1406
hip-hop-1407
hip-hop-1408
hip-hop-1409
hip-hop-1411
hip-hop-1416
hip-hop-1417
hip-hop-1418
hip-hop-1423
hip-hop-1424
hip-hop-1426
hip-hop-1428
hip-hop-1429
hip-hop-1435
hip-hop-1436
hip-hop-1437
hip-hop-1438
hip-hop-1439
hip-hop-1440
hip-hop-1442
hip-hop-1444
hip-hop-1445
hip-hop-1448
hip-hop-1449
hip-hop-1450
hip-hop-1451
hip-hop-1452
hip-hop-1453
hip-hop-1454
hip-hop-1455
hip-hop-1457
hip-hop-1458
hip-hop-1461
hip-hop-1463
hip-hop-1464
hip-hop-1465
hip-hop-1467
hip-hop-1470
hip-hop-1471
hip-hop-1472
hip-hop-1473
hip-hop-1475
hip-hop-1476
hip-hop-1478
hip-hop-1480
hip-hop-1482
hip-hop-1483
hip-hop-1485
hip-hop-1486
hip-hop-1487
hip-hop-1488
hip-hop-1489
hip-hop-1490
hip-hop-1493
hip-hop-1496
hip-hop-1497
hip-hop-1502
hip-hop-1503
hip-hop-1505
hip-hop-1506
hip-hop-1507
hip-hop-1508
hip-hop-1509
hip-hop-1510
hip-hop-1512
hip-hop-1514
hip-hop-1515
hip-hop-1516
hip-hop-1517
hip-hop-1519
hip-hop-1522
hip-hop-1523
hip-hop-1524
hip-hop-1526
hip-hop-1527
hip-hop-1529
hip-hop-1531
hip-hop-1533
hip-hop-1535
hip-hop-1538
hip-hop-1539
hip-hop-1541
hip-hop-1545
hip-hop-1546
hip-hop-1547
hip-hop-1548
hip-hop-1549
hip-hop-1552
hip-hop-1555
hip-hop-1556
hip-hop-1557
hip-hop-1558
hip-hop-1559
hip-hop-1561
hip-hop-1562
hip-hop-1564
hip-hop-1565
hip-hop-1567
hip-hop-1568
hip-hop-1571
hip-hop-1573
hip-hop-1574
hip-hop-1577
hip-hop-1579
hip-hop-1580
hip-hop-1582
hip-hop-1583
hip-hop-1584
hip-hop-1586
hip-hop-1588
hip-hop-1589
hip-hop-1590
hip-hop-1591
hip-hop-1594
hip-hop-1598
hip-hop-1599
hip-hop-1600
hip-hop-1601
hip-hop-1602
hip-hop-1603
hip-hop-1604
hip-hop-1605
hip-hop-1606
hip-hop-1607
hip-hop-1609
hip-hop-1610
hip-hop-1611
hip-hop-1614
hip-hop-1616
hip-hop-1617
hip-hop-1618
hip-hop-1620
hip-hop-1621
hip-hop-1622
hip-hop-1624
hip-hop-1625
hip-hop-1626
hip-hop-1627
hip-hop-1628
hip-hop-1629
hip-hop-1630
hip-hop-1631
hip-hop-1632
hip-hop-1633
hip-hop-1634
hip-hop-1636
hip-hop-1638
hip-hop-1639
hip-hop-1640
hip-hop-1641
hip-hop-1643
hip-hop-1644
hip-hop-1645
hip-hop-1646
hip-hop-1647
hip-hop-1648
hip-hop-1649
hip-hop-1651
hip-hop-1653
hip-hop-1656
hip-hop-1657
hip-hop-1658
hip-hop-1661
hip-hop-1662
hip-hop-1663
hip-hop-1664
hip-hop-1665
hip-hop-1666
hip-hop-1668
hip-hop-1669
hip-hop-1670
hip-hop-1673
hip-hop-1674
hip-hop-1675
hip-hop-1676
hip-hop-1677
hip-hop-1678
hip-hop-1680
hip-hop-1682
hip-hop-1683
hip-hop-1684
hip-hop-1685
hip-hop-1686
hip-hop-1693
hip-hop-1694
hip-hop-1696
hip-hop-1698
hip-hop-1699
jazz-1001
jazz-1002
jazz-1003
jazz-1004
jazz-1006
jazz-1007
jazz-1008
jazz-1009
jazz-1011
jazz-1012
jazz-1014
jazz-1015
jazz-1016
jazz-1017
jazz-1019
jazz-1022
jazz-1024
jazz-1026
jazz-1027
jazz-1028
jazz-1030
jazz-1033
jazz-1034
jazz-1035
jazz-1036
jazz-1038
jazz-1040
jazz-1041
jazz-1042
jazz-1043
jazz-1044
jazz-1045
jazz-1048
jazz-1049
jazz-1052
jazz-1053
jazz-1054
jazz-1055
jazz-1056
jazz-1057
jazz-1059
jazz-1061
jazz-1063
jazz-1064
jazz-1065
jazz-1066
jazz-1068
jazz-1069
jazz-1073
jazz-1076
jazz-1077
jazz-1078
jazz-1080
jazz-1081
jazz-1084
jazz-1085
jazz-1086
jazz-1088
jazz-1089
jazz-1090
jazz-1092
jazz-1093
jazz-1094
jazz-1095
jazz-1096
jazz-1097
jazz-1098
jazz-1099
jazz-1101
jazz-1102
jazz-1104
jazz-1105
jazz-1108
jazz-1109
jazz-1112
jazz-1113
jazz-1114
jazz-1117
jazz-1118
jazz-1120
jazz-1121
jazz-1123
jazz-1125
jazz-1126
jazz-1127
jazz-1128
jazz-1129
jazz-1130
jazz-1131
jazz-1133
jazz-1134
jazz-1135
jazz-1136
jazz-1137
jazz-1138
jazz-1139
jazz-1140
jazz-1141
jazz-1144
jazz-1145
jazz-1146
jazz-1147
jazz-1148
jazz-1151
jazz-1153
jazz-1155
jazz-1156
jazz-1159
jazz-1161
jazz-1163
jazz-1165
jazz-1166
jazz-1169
jazz-1171
jazz-1173
jazz-1175
jazz-1176
jazz-1177
jazz-1178
jazz-1179
jazz-1180
jazz-1181
jazz-1182
jazz-1184
jazz-1185
jazz-1186
jazz-1187
jazz-1188
jazz-1189
jazz-1190
jazz-1192
jazz-1194
jazz-1196
jazz-1197
jazz-1199
jazz-1201
jazz-1203
jazz-1205
jazz-1206
jazz-1209
jazz-1214
jazz-1216
jazz-1218
jazz-1219
jazz-1220
jazz-1221
jazz-1224
jazz-1225
jazz-1230
jazz-1231
jazz-1232
jazz-1233
jazz-1235
jazz-1236
jazz-1237
jazz-1238
jazz-1239
jazz-1240
jazz-1241
jazz-1242
jazz-1244
jazz-1246
jazz-1247
jazz-1248
jazz-1250
jazz-1253
jazz-1255
jazz-1257
jazz-1258
jazz-1259
jazz-1263
jazz-1264
jazz-1269
jazz-1270
jazz-1271
jazz-1272
jazz-1273
jazz-1274
jazz-1275
jazz-1277
jazz-1278
jazz-1280
jazz-1281
jazz-1282
jazz-1283
jazz-1284
jazz-1286
jazz-1287
jazz-1288
jazz-1289
jazz-1290
jazz-1291
jazz-1292
jazz-1293
jazz-1295
jazz-1297
jazz-1298
jazz-1299
jazz-1300
jazz-1301
jazz-1304
jazz-1306
jazz-1307
jazz-1308
jazz-1309
jazz-1310
jazz-1311
jazz-1313
jazz-1314
jazz-1315
jazz-1317
jazz-1319
jazz-1320
jazz-1321
jazz-1322
jazz-1323
jazz-1324
jazz-1325
jazz-1326
jazz-1327
jazz-1330
jazz-1331
jazz-1332
jazz-1333
jazz-1334
jazz-1335
jazz-1336
jazz-1340
jazz-1342
jazz-1343
jazz-1344
jazz-1345
jazz-1347
jazz-1349
jazz-1353
jazz-1354
jazz-1355
jazz-1356
jazz-1357
jazz-1359
jazz-1360
jazz-1362
jazz-1363
jazz-1364
jazz-1365
jazz-1368
jazz-1369
jazz-1370
jazz-1373
jazz-1374
jazz-1376
jazz-1377
jazz-1379
jazz-1380
jazz-1381
jazz-1382
jazz-1383
jazz-1384
jazz-1385
jazz-1386
jazz-1387
jazz-1389
jazz-1391
jazz-1394
jazz-1395
jazz-1396
jazz-1398
jazz-1401
jazz-1402
jazz-1403
jazz-1404
jazz-1406
jazz-1407
jazz-1410
jazz-1412
jazz-1414
jazz-1415
jazz-1416
jazz-1417
jazz-1418
jazz-1420
jazz-1422
jazz-1423
jazz-1424
jazz-1425
jazz-1427
jazz-1430
jazz-1431
jazz-1432
jazz-1433
jazz-1435
jazz-1436
jazz-1437
jazz-1438
jazz-1439
jazz-1440
jazz-1441
jazz-1443
jazz-1444
jazz-1445
jazz-1446
jazz-1447
jazz-1452
jazz-1453
jazz-1454
jazz-1455
jazz-1457
jazz-1459
jazz-1460
jazz-1461
jazz-1462
jazz-1463
jazz-1464
jazz-1466
jazz-1467
jazz-1469
jazz-1470
jazz-1472
jazz-1473
jazz-1474
jazz-1475
jazz-1476
jazz-1479
jazz-1480
jazz-1482
jazz-1483
jazz-1487
jazz-1488
jazz-1489
jazz-1491
jazz-1496
jazz-1498
jazz-1499
jazz-1500
jazz-1501
jazz-1502
jazz-1503
jazz-1505
jazz-1507
jazz-1508
jazz-1509
jazz-1510
jazz-1512
jazz-1513
jazz-1514
jazz-1516
jazz-1517
jazz-1518
jazz-1521
jazz-1522
jazz-1523
jazz-1524
jazz-1525
jazz-1527
jazz-1528
jazz-1529
jazz-1530
jazz-1531
jazz-1532
jazz-1536
jazz-1537
jazz-1538
jazz-1539
jazz-1541
jazz-1543
jazz-1546
jazz-1547
jazz-1548
jazz-1549
jazz-1550
jazz-1551
jazz-1555
jazz-1556
jazz-1557
jazz-1558
jazz-1559
jazz-1561
jazz-1564
jazz-1565
jazz-1566
jazz-1567
jazz-1568
jazz-1569
jazz-1572
jazz-1574
jazz-1577
jazz-1579
jazz-1580
jazz-1582
jazz-1583
jazz-1584
jazz-1586
jazz-1587
jazz-1588
jazz-1590
jazz-1591
jazz-1592
jazz-1593
jazz-1594
jazz-1595
jazz-1596
jazz-1597
jazz-1599
jazz-1600
jazz-1601
jazz-1603
jazz-1604
jazz-1605
jazz-1607
jazz-1608
jazz-1610
jazz-1612
jazz-1614
jazz-1615
jazz-1616
jazz-1618
jazz-1619
jazz-1620
jazz-1621
jazz-1622
jazz-1623
jazz-1624
jazz-1625
jazz-1626
jazz-1629
jazz-1630
jazz-1631
jazz-1632
jazz-1633
jazz-1636
jazz-1637
jazz-1638
jazz-1639
jazz-1642
jazz-1645
jazz-1646
jazz-1647
jazz-1649
jazz-1652
jazz-1653
jazz-1654
jazz-1657
jazz-1660
jazz-1661
jazz-1662
jazz-1663
jazz-1665
jazz-1666
jazz-1668
jazz-1669
jazz-1671
jazz-1673
jazz-1674
jazz-1676
jazz-1681
jazz-1682
jazz-1683
jazz-1685
jazz-1686
jazz-1688
jazz-1689
jazz-1691
jazz-1692
jazz-1696
jazz-1698
jazz-1699
metal-1000
metal-1001
metal-1002
metal-1003
metal-1004
metal-1005
metal-1007
metal-1008
metal-1009
metal-1010
metal-1011
metal-1013
metal-1015
metal-1018
metal-1019
metal-1020
metal-1021
metal-1022
metal-1027
metal-1028
metal-1029
metal-1030
metal-1032
metal-1036
metal-1037
metal-1039
metal-1040
metal-1041
metal-1042
metal-1043
metal-1045
metal-1047
metal-1049
metal-1050
metal-1051
metal-1052
metal-1053
metal-1054
metal-1057
metal-1058
metal-1059
metal-1060
metal-1062
metal-1067
metal-1070
metal-1071
metal-1072
metal-1073
metal-1074
metal-1075
metal-1076
metal-1078
metal-1084
metal-1085
metal-1086
metal-1087
metal-1088
metal-1090
metal-1091
metal-1093
metal-1094
metal-1095
metal-1096
metal-1097
metal-1099
metal-1100
metal-1101
metal-1102
metal-1103
metal-1104
metal-1105
metal-1106
metal-1107
metal-1108
metal-1109
metal-1112
metal-1114
metal-1115
metal-1116
metal-1117
metal-1120
metal-1121
metal-1122
metal-1123
metal-1124
metal-1126
metal-1127
metal-1128
metal-1129
metal-1131
metal-1135
metal-1136
metal-1137
metal-1139
metal-1140
metal-1143
metal-1145
metal-1146
metal-1149
metal-1150
metal-1151
metal-1153
metal-1154
metal-1155
metal-1156
metal-1159
metal-1160
metal-1161
metal-1162
metal-1163
metal-1165
metal-1166
metal-1167
metal-1168
metal-1169
metal-1170
metal-1171
metal-1172
metal-1173
metal-1175
metal-1178
metal-1181
metal-1182
metal-1183
metal-1185
metal-1187
metal-1188
metal-1189
metal-1190
metal-1192
metal-1193
metal-1196
metal-1197
metal-1198
metal-1199
metal-1200
metal-1201
metal-1202
metal-1203
metal-1204
metal-1207
metal-1208
metal-1210
metal-1211
metal-1212
metal-1213
metal-1214
metal-1215
metal-1216
metal-1217
metal-1218
metal-1219
metal-1220
metal-1221
metal-1222
metal-1224
metal-1225
metal-1229
metal-1230
metal-1231
metal-1233
metal-1236
metal-1237
metal-1238
metal-1239
metal-1242
metal-1243
metal-1244
metal-1245
metal-1246
metal-1247
metal-1249
metal-1253
metal-1254
metal-1255
metal-1258
metal-1260
metal-1261
metal-1264
metal-1265
metal-1266
metal-1267
metal-1268
metal-1269
metal-1270
metal-1272
metal-1273
metal-1274
metal-1275
metal-1276
metal-1277
metal-1278
metal-1281
metal-1282
metal-1283
metal-1285
metal-1286
metal-1287
metal-1288
metal-1289
metal-1291
metal-1292
metal-1293
metal-1295
metal-1296
metal-1298
metal-1299
metal-1300
metal-1301
metal-1304
metal-1305
metal-1308
metal-1309
metal-1310
metal-1311
metal-1314
metal-1315
metal-1317
metal-1318
metal-1319
metal-1322
metal-1324
metal-1327
metal-1328
metal-1330
metal-1331
metal-1332
metal-1334
metal-1335
metal-1336
metal-1337
metal-1338
metal-1339
metal-1341
metal-1342
metal-1343
metal-1346
metal-1348
metal-1349
metal-1351
metal-1352
metal-1353
metal-1356
metal-1357
metal-1358
metal-1359
metal-1360
metal-1361
metal-1362
metal-1363
metal-1364
metal-1365
metal-1366
metal-1372
metal-1373
metal-1374
metal-1375
metal-1377
metal-1378
metal-1379
metal-1380
metal-1385
metal-1388
metal-1389
metal-1390
metal-1391
metal-1392
metal-1395
metal-1397
metal-1398
metal-1399
metal-1400
metal-1401
metal-1403
metal-1404
metal-1405
metal-1406
metal-1407
metal-1409
metal-1410
metal-1411
metal-1412
metal-1413
metal-1415
metal-1417
metal-1418
metal-1419
metal-1423
metal-1425
metal-1426
metal-1427
metal-1428
metal-1429
metal-1430
metal-1431
metal-1432
metal-1433
metal-1434
metal-1435
metal-1436
metal-1437
metal-1438
metal-1439
metal-1440
metal-1441
metal-1442
metal-1443
metal-1445
metal-1446
metal-1447
metal-1450
metal-1451
metal-1453
metal-1454
metal-1455
metal-1458
metal-1459
metal-1460
metal-1461
metal-1465
metal-1466
metal-1467
metal-1469
metal-1472
metal-1473
metal-1474
metal-1475
metal-1476
metal-1477
metal-1478
metal-1479
metal-1480
metal-1481
metal-1483
metal-1484
metal-1485
metal-1486
metal-1489
metal-1490
metal-1491
metal-1492
metal-1493
metal-1495
metal-1496
metal-1497
metal-1501
metal-1503
metal-1504
metal-1505
metal-1506
metal-1510
metal-1514
metal-1521
metal-1523
metal-1524
metal-1526
metal-1529
metal-1530
metal-1531
metal-1533
metal-1534
metal-1536
metal-1537
metal-1538
metal-1539
metal-1541
metal-1542
metal-1543
metal-1544
metal-1545
metal-1546
metal-1547
metal-1549
metal-1550
metal-1551
metal-1552
metal-1555
metal-1556
metal-1558
metal-1559
metal-1560
metal-1561
metal-1562
metal-1564
metal-1565
metal-1567
metal-1568
metal-1569
metal-1570
metal-1573
metal-1574
metal-1577
metal-1580
metal-1583
metal-1584
metal-1585
metal-1588
metal-1592
metal-1596
metal-1598
metal-1599
metal-1601
metal-1604
metal-1606
metal-1607
metal-1608
metal-1611
metal-1612
metal-1614
metal-1616
metal-1617
metal-1618
metal-1621
metal-1622
metal-1624
metal-1625
metal-1626
metal-1627
metal-1629
metal-1630
metal-1631
metal-1632
metal-1633
metal-1638
metal-1639
metal-1641
metal-1642
metal-1643
metal-1645
metal-1646
metal-1647
metal-1649
metal-1650
metal-1651
metal-1653
metal-1654
metal-1656
metal-1659
metal-1663
metal-1664
metal-1665
metal-1667
metal-1668
metal-1670
metal-1671
metal-1672
metal-1673
metal-1674
metal-1675
metal-1677
metal-1679
metal-1680
metal-1681
metal-1682
metal-1684
metal-1685
metal-1687
metal-1688
metal-1689
metal-1690
metal-1691
metal-1695
metal-1696
metal-1697
metal-1698
metal-1699
rock-1002
rock-1004
rock-1006
rock-1007
rock-1008
rock-1009
rock-1010
rock-1011
rock-1012
rock-1013
rock-1014
rock-1015
rock-1017
rock-1018
rock-1019
rock-1022
rock-1023
rock-1024
rock-1026
rock-1030
rock-1031
rock-1032
rock-1033
rock-1034
rock-1036
rock-1038
rock-1039
rock-1040
rock-1042
rock-1043
rock-1044
rock-1045
rock-1046
rock-1047
rock-1048
rock-1049
rock-1051
rock-1052
rock-1053
rock-1054
rock-1055
rock-1056
rock-1058
rock-1059
rock-1060
rock-1061
rock-1062
rock-1064
rock-1066
rock-1067
rock-1068
rock-1071
rock-1072
rock-1074
rock-1075
rock-1076
rock-1077
rock-1079
rock-1081
rock-1083
rock-1085
rock-1086
rock-1087
rock-1089
rock-1091
rock-1092
rock-1096
rock-1097
rock-1098
rock-1100
rock-1101
rock-1102
rock-1103
rock-1104
rock-1105
rock-1106
rock-1107
rock-1109
rock-1111
rock-1112
rock-1113
rock-1114
rock-1118
rock-1120
rock-1121
rock-1122
rock-1123
rock-1124
rock-1126
rock-1128
rock-1129
rock-1130
rock-1132
rock-1133
rock-1135
rock-1138
rock-1139
rock-1141
rock-1142
rock-1143
rock-1145
rock-1146
rock-1147
rock-1148
rock-1149
rock-1150
rock-1152
rock-1153
rock-1154
rock-1156
rock-1157
rock-1159
rock-1160
rock-1161
rock-1163
rock-1165
rock-1167
rock-1168
rock-1169
rock-1170
rock-1171
rock-1172
rock-1174
rock-1175
rock-1176
rock-1179
rock-1180
rock-1181
rock-1182
rock-1183
rock-1184
rock-1185
rock-1186
rock-1187
rock-1190
rock-1192
rock-1193
rock-1195
rock-1197
rock-1198
rock-1199
rock-1200
rock-1201
rock-1203
rock-1204
rock-1205
rock-1207
rock-1208
rock-1211
rock-1212
rock-1213
rock-1214
rock-1215
rock-1216
rock-1219
rock-1220
rock-1221
rock-1222
rock-1223
rock-1224
rock-1226
rock-1227
rock-1228
rock-1229
rock-1230
rock-1231
rock-1232
rock-1233
rock-1234
rock-1235
rock-1236
rock-1237
rock-1239
rock-1240
rock-1241
rock-1242
rock-1244
rock-1245
rock-1246
rock-1248
rock-1249
rock-1252
rock-1253
rock-1254
rock-1258
rock-1260
rock-1261
rock-1264
rock-1265
rock-1266
rock-1270
rock-1271
rock-1272
rock-1273
rock-1274
rock-1275
rock-1276
rock-1278
rock-1280
rock-1281
rock-1283
rock-1284
rock-1285
rock-1287
rock-1288
rock-1289
rock-1290
rock-1291
rock-1292
rock-1293
rock-1294
rock-1295
rock-1300
rock-1303
rock-1307
rock-1308
rock-1310
rock-1311
rock-1312
rock-1313
rock-1314
rock-1317
rock-1318
rock-1319
rock-1320
rock-1321
rock-1323
rock-1324
rock-1325
rock-1326
rock-1327
rock-1328
rock-1329
rock-1331
rock-1332
rock-1333
rock-1337
rock-1338
rock-1340
rock-1341
rock-1342
rock-1343
rock-1344
rock-1345
rock-1346
rock-1347
rock-1348
rock-1349
rock-1350
rock-1351
rock-1352
rock-1353
rock-1354
rock-1356
rock-1357
rock-1359
rock-1360
rock-1361
rock-1362
rock-1364
rock-1365
rock-1366
rock-1367
rock-1372
rock-1373
rock-1375
rock-1377
rock-1379
rock-1380
rock-1382
rock-1383
rock-1384
rock-1387
rock-1388
rock-1389
rock-1390
rock-1392
rock-1393
rock-1395
rock-1396
rock-1397
rock-1400
rock-1402
rock-1403
rock-1405
rock-1406
rock-1407
rock-1408
rock-1409
rock-1410
rock-1411
rock-1412
rock-1414
rock-1415
rock-1416
rock-1417
rock-1418
rock-1419
rock-1422
rock-1423
rock-1424
rock-1425
rock-1426
rock-1427
rock-1429
rock-1430
rock-1432
rock-1433
rock-1434
rock-1435
rock-1436
rock-1437
rock-1438
rock-1439
rock-1440
rock-1441
rock-1442
rock-1443
rock-1444
rock-1446
rock-1447
rock-1448
rock-1449
rock-1451
rock-1452
rock-1453
rock-1454
rock-1456
rock-1458
rock-1459
rock-1461
rock-1463
rock-1466
rock-1467
rock-1471
rock-1472
rock-1473
rock-1476
rock-1477
rock-1479
rock-1483
rock-1484
rock-1486
rock-1487
rock-1488
rock-1489
rock-1491
rock-1493
rock-1495
rock-1497
rock-1498
rock-1502
rock-1503
rock-1504
rock-1506
rock-1507
rock-1512
rock-1514
rock-1515
rock-1516
rock-1517
rock-1518
rock-1520
rock-1521
rock-1522
rock-1523
rock-1525
rock-1530
rock-1531
rock-1532
rock-1533
rock-1535
rock-1539
rock-1540
rock-1541
rock-1542
rock-1544
rock-1546
rock-1547
rock-1549
rock-1552
rock-1553
rock-1554
rock-1556
rock-1557
rock-1560
rock-1561
rock-1562
rock-1563
rock-1564
rock-1566
rock-1568
rock-1571
rock-1572
rock-1578
rock-1581
rock-1583
rock-1584
rock-1585
rock-1587
rock-1590
rock-1591
rock-1592
rock-1593
rock-1594
rock-1595
rock-1596
rock-1597
rock-1598
rock-1599
rock-1603
rock-1604
rock-1605
rock-1607
rock-1610
rock-1614
rock-1616
rock-1618
rock-1621
rock-1623
rock-1626
rock-1627
rock-1628
rock-1629
rock-1630
rock-1631
rock-1633
rock-1635
rock-1637
rock-1638
rock-1639
rock-1640
rock-1641
rock-1643
rock-1644
rock-1647
rock-1649
rock-1650
rock-1652
rock-1658
rock-1660
rock-1661
rock-1664
rock-1665
rock-1666
rock-1667
rock-1668
rock-1670
rock-1671
rock-1672
rock-1674
rock-1676
rock-1679
rock-1680
rock-1681
rock-1682
rock-1683
rock-1684
rock-1686
rock-1689
rock-1691
rock-1692
rock-1693
rock-1696
rock-1697
rock-1698
romantic-1000
romantic-1001
romantic-1003
romantic-1004
romantic-1005
romantic-1006
romantic-1007
romantic-1008
romantic-1009
romantic-1010
romantic-1011
romantic-1012
romantic-1015
romantic-1016
romantic-1017
romantic-1018
romantic-1020
romantic-1021
romantic-1022
romantic-1023
romantic-1025
romantic-1026
romantic-1027
romantic-1028
romantic-1029
romantic-1032
romantic-1034
romantic-1036
romantic-1037
romantic-1038
romantic-1040
romantic-1043
romantic-1044
romantic-1045
romantic-1046
romantic-1047
romantic-1048
romantic-1049
romantic-1050
romantic-1051
romantic-1052
romantic-1053
romantic-1054
romantic-1056
romantic-1059
romantic-1061
romantic-1066
romantic-1067
romantic-1071
romantic-1072
romantic-1073
romantic-1074
romantic-1077
romantic-1079
romantic-1080
romantic-1081
romantic-1082
romantic-1084
romantic-1085
romantic-1089
romantic-1090
romantic-1091
romantic-1093
romantic-1094
romantic-1095
romantic-1097
romantic-1102
romantic-1103
romantic-1105
romantic-1106
romantic-1107
romantic-1109
romantic-1110
romantic-1111
romantic-1112
romantic-1114
romantic-1116
romantic-1119
romantic-1120
romantic-1122
romantic-1123
romantic-1124
romantic-1126
romantic-1128
romantic-1131
romantic-1132
romantic-1133
romantic-1134
romantic-1139
romantic-1141
romantic-1143
romantic-1144
romantic-1145
romantic-1147
romantic-1148
romantic-1149
romantic-1151
romantic-1153
romantic-1154
romantic-1155
romantic-1157
romantic-1158
romantic-1159
romantic-1162
romantic-1163
romantic-1166
romantic-1170
romantic-1171
romantic-1172
romantic-1173
romantic-1174
romantic-1175
romantic-1176
romantic-1179
romantic-1180
romantic-1183
romantic-1185
romantic-1186
romantic-1187
romantic-1189
romantic-1190
romantic-1191
romantic-1192
romantic-1193
romantic-1194
romantic-1196
romantic-1198
romantic-1200
romantic-1202
romantic-1204
romantic-1206
romantic-1207
romantic-1208
romantic-1209
romantic-1211
romantic-1214
romantic-1215
romantic-1216
romantic-1217
romantic-1218
romantic-1219
romantic-1220
romantic-1221
romantic-1222
romantic-1224
romantic-1226
romantic-1227
romantic-1229
romantic-1232
romantic-1233
romantic-1234
romantic-1235
romantic-1236
romantic-1238
romantic-1240
romantic-1241
romantic-1242
romantic-1243
romantic-1245
romantic-1246
romantic-1247
romantic-1248
romantic-1249
romantic-1250
romantic-1251
romantic-1253
romantic-1254
romantic-1255
romantic-1256
romantic-1257
romantic-1258
romantic-1259
romantic-1260
romantic-1261
romantic-1263
romantic-1265
romantic-1266
romantic-1268
romantic-1269
romantic-1270
romantic-1272
romantic-1275
romantic-1276
romantic-1278
romantic-1280
romantic-1281
romantic-1282
romantic-1285
romantic-1286
romantic-1289
romantic-1290
romantic-1291
romantic-1293
romantic-1294
romantic-1295
romantic-1296
romantic-1297
romantic-1298
romantic-1299
romantic-1300
romantic-1301
romantic-1303
romantic-1306
romantic-1308
romantic-1314
romantic-1315
romantic-1316
romantic-1317
romantic-1319
romantic-1320
romantic-1321
romantic-1322
romantic-1324
romantic-1325
romantic-1326
romantic-1327
romantic-1329
romantic-1330
romantic-1332
romantic-1334
romantic-1336
romantic-1337
romantic-1338
romantic-1339
romantic-1341
romantic-1344
romantic-1346
romantic-1347
romantic-1348
romantic-1349
romantic-1350
romantic-1351
romantic-1353
romantic-1354
romantic-1356
romantic-1358
romantic-1361
romantic-1362
romantic-1363
romantic-1365
romantic-1366
romantic-1368
romantic-1370
romantic-1371
romantic-1372
romantic-1373
romantic-1374
romantic-1375
romantic-1379
romantic-1380
romantic-1382
romantic-1383
romantic-1384
romantic-1387
romantic-1388
romantic-1391
romantic-1392
romantic-1393
romantic-1395
romantic-1396
romantic-1397
romantic-1398
romantic-1403
romantic-1404
romantic-1405
romantic-1406
romantic-1407
romantic-1408
romantic-1409
romantic-1410
romantic-1411
romantic-1412
romantic-1413
romantic-1414
romantic-1416
romantic-1418
romantic-1421
romantic-1423
romantic-1424
romantic-1425
romantic-1426
romantic-1427
romantic-1428
romantic-1429
romantic-1430
romantic-1432
romantic-1434
romantic-1435
romantic-1437
romantic-1438
romantic-1439
romantic-1440
romantic-1441
romantic-1442
romantic-1443
romantic-1445
romantic-1446
romantic-1447
romantic-1449
romantic-1450
romantic-1451
romantic-1452
romantic-1453
romantic-1454
romantic-1456
romantic-1457
romantic-1458
romantic-1461
romantic-1462
romantic-1463
romantic-1466
romantic-1467
romantic-1468
romantic-1471
romantic-1472
romantic-1474
romantic-1475
romantic-1476
romantic-1477
romantic-1479
romantic-1480
romantic-1481
romantic-1483
romantic-1485
romantic-1486
romantic-1487
romantic-1490
romantic-1491
romantic-1493
romantic-1494
romantic-1497
romantic-1498
romantic-1499
romantic-1501
romantic-1502
romantic-1503
romantic-1505
romantic-1507
romantic-1508
romantic-1509
romantic-1511
romantic-1512
romantic-1514
romantic-1515
romantic-1516
romantic-1517
romantic-1519
romantic-1521
romantic-1522
romantic-1524
romantic-1525
romantic-1526
romantic-1527
romantic-1531
romantic-1532
romantic-1533
romantic-1535
romantic-1536
romantic-1537
romantic-1539
romantic-1540
romantic-1541
romantic-1542
romantic-1543
romantic-1544
romantic-1546
romantic-1549
romantic-1552
romantic-1553
romantic-1554
romantic-1556
romantic-1557
romantic-1558
romantic-1559
romantic-1560
romantic-1564
romantic-1565
romantic-1568
romantic-1569
romantic-1570
romantic-1571
romantic-1572
romantic-1574
romantic-1575
romantic-1576
romantic-1577
romantic-1578
romantic-1579
romantic-1580
romantic-1581
romantic-1582
romantic-1583
romantic-1588
romantic-1589
romantic-1590
romantic-1591
romantic-1592
romantic-1595
romantic-1596
romantic-1597
romantic-1599
romantic-1600
romantic-1601
romantic-1602
romantic-1603
romantic-1604
romantic-1605
romantic-1606
romantic-1607
romantic-1608
romantic-1610
romantic-1611
romantic-1612
romantic-1616
romantic-1619
romantic-1620
romantic-1621
romantic-1623
romantic-1625
romantic-1626
romantic-1629
romantic-1630
romantic-1632
romantic-1634
romantic-1637
romantic-1641
romantic-1642
romantic-1643
romantic-1645
romantic-1646
romantic-1647
romantic-1648
romantic-1650
romantic-1652
romantic-1653
romantic-1656
romantic-1658
romantic-1660
romantic-1662
romantic-1663
romantic-1664
romantic-1665
romantic-1668
romantic-1669
romantic-1670
romantic-1671
romantic-1672
romantic-1673
romantic-1676
romantic-1678
romantic-1680
romantic-1681
romantic-1682
romantic-1684
romantic-1685
romantic-1686
romantic-1687
romantic-1688
romantic-1689
romantic-1691
romantic-1693
romantic-1694
romantic-1696
romantic-1697
romantic-1698
romantic-1699
