country.71761
country.36718
country.60284
country.56147
country.17843
country.36329
country.36837
country.70556
country.36942
country.71339
country.71417
country.71278
country.71475
country.71474
country.71550
country.36773
country.70686
country.36753
country.36502
country.71501
country.36769
country.70466
country.36716
country.70329
country.36776
country.35453
country.36630
country.36720
country.71478
country.71102
country.31066
country.36913
country.36778
country.37047
country.36925
country.36508
country.70549
country.71927
country.35444
country.29423
country.35548
country.70915
country.36507
country.36958
country.36721
country.33269
country.36348
country.71477
country.71335
country.71104
country.71282
country.71473
country.69562
country.69688
country.36339
country.36749
country.36930
country.71709
country.71151
country.71947
country.36764
country.36719
country.69499
country.72272
country.72080
country.36759
country.35553
country.28458
country.70780
country.29428
country.33270
country.35373
country.36832
country.70423
country.71650
country.35559
country.71273
country.71179
country.71091
country.36838
country.37049
country.72222
country.71090
country.36325
country.36722
country.70480
country.70424
country.36761
country.36929
country.71924
country.71592
country.36701
country.36758
country.36763
country.36807
country.71349
country.71348
country.36840
country.17833
country.71536
country.71336
country.71185
country.71281
country.35247
country.35355
country.71182
country.71598
country.36506
country.71811
country.69408
country.71970
country.36767
country.36880
country.71280
country.33103
country.69527
country.36924
country.71537
country.69590
country.69331
country.69604
country.69443
country.36346
country.35586
country.36922
country.71103
country.70283
country.36752
country.71540
country.70360
country.36512
country.36328
country.36766
country.16839
country.36860
country.36771
country.36350
country.35614
country.31043
country.36327
country.35611
country.71334
country.69625
country.36762
country.36800
country.36326
country.47773
country.36344
country.31040
country.36917
country.36717
country.35585
country.36756
country.36715
country.71333
country.71452
country.36698
country.36839
country.71594
country.36518
country.33266
country.71347
country.36625
country.71089
country.36914
country.70328
country.69528
country.70003
country.36923
country.31039
country.34573
country.71152
country.41879
country.72111
country.36912
country.69226
country.71595
country.70550
country.71389
country.34572
country.71998
country.71864
country.39603
country.71353
country.71542
country.36765
country.36510
country.39592
country.36804
country.36959
country.69660
country.62870
country.72225
country.71653
country.70325
country.69135
country.70363
country.69412
country.71863
country.70766
jazz.9143
jazz.13185
jazz.8601
jazz.12014
jazz.12963
jazz.13070
jazz.9507
jazz.11650
jazz.3523
jazz.12119
jazz.11280
jazz.12404
jazz.11929
jazz.9508
jazz.3466
jazz.12401
jazz.3468
jazz.3727
jazz.11911
jazz.9079
jazz.11178
jazz.12422
jazz.13503
jazz.9572
jazz.12088
jazz.12105
jazz.12118
jazz.9502
jazz.12662
jazz.3935
jazz.12459
jazz.11271
jazz.13074
jazz.9477
jazz.13164
jazz.11971
jazz.11901
jazz.12398
jazz.3564
jazz.12079
jazz.9093
jazz.3485
jazz.12123
jazz.9708
jazz.11742
jazz.9496
jazz.12076
jazz.12638
jazz.9566
jazz.12399
jazz.3333
jazz.13156
jazz.2982
jazz.11277
jazz.12418
jazz.9543
jazz.9392
jazz.3354
jazz.8945
jazz.3766
jazz.12111
jazz.3969
jazz.10177
jazz.13224
jazz.8908
jazz.13517
jazz.12529
jazz.11816
jazz.9492
jazz.3738
jazz.12261
jazz.9468
jazz.5461
jazz.13301
jazz.13166
jazz.12009
jazz.13071
jazz.9493
jazz.9394
jazz.12334
jazz.12530
jazz.9549
jazz.3470
jazz.12491
jazz.13266
jazz.3522
jazz.12603
jazz.9585
jazz.3528
jazz.13333
jazz.12532
jazz.12182
jazz.9076
jazz.12554
jazz.3797
jazz.9544
jazz.8743
jazz.11892
jazz.12640
jazz.9305
jazz.9074
jazz.13057
jazz.9196
jazz.9612
jazz.9208
jazz.3321
jazz.10076
jazz.12453
jazz.3000
jazz.12961
jazz.7620
jazz.11948
jazz.3921
jazz.9513
jazz.3455
jazz.8646
jazz.9445
jazz.8599
jazz.3471
jazz.11348
jazz.12097
jazz.5262
jazz.10097
jazz.9704
jazz.12528
jazz.8651
jazz.3854
jazz.9542
jazz.12104
jazz.12526
jazz.3472
jazz.12608
jazz.3550
jazz.12102
jazz.12132
jazz.13516
jazz.9649
jazz.12612
jazz.8933
jazz.9552
jazz.9614
jazz.9245
jazz.12511
jazz.13035
jazz.9521
jazz.13315
jazz.3660
jazz.3829
jazz.9559
jazz.12527
jazz.9438
jazz.5931
jazz.12258
jazz.3467
jazz.12135
jazz.9338
jazz.8598
jazz.12137
jazz.3852
jazz.9536
jazz.5379
jazz.12487
jazz.13203
jazz.8650
jazz.9315
jazz.3728
jazz.12367
jazz.13514
jazz.12525
jazz.5525
jazz.12081
jazz.3357
jazz.9683
jazz.3866
jazz.9001
jazz.9562
jazz.3330
jazz.8696
jazz.12113
jazz.10166
jazz.12103
jazz.9490
jazz.9120
jazz.9551
jazz.9590
jazz.8811
jazz.13498
jazz.13392
jazz.9279
jazz.13004
jazz.3416
jazz.11571
jazz.12552
jazz.9494
jazz.3688
jazz.12167
jazz.12524
jazz.3524
jazz.9475
jazz.12110
romantic.2895573
romantic.2897694
romantic.2898055
romantic.2900385
romantic.2896175
romantic.2897620
romantic.2897829
romantic.2897238
romantic.2900382
romantic.2895672
romantic.2897659
romantic.2900569
romantic.2900264
romantic.2899994
romantic.2900050
romantic.2877772
romantic.2895706
romantic.2897827
romantic.2896042
romantic.2892679
romantic.2900095
romantic.2896091
romantic.2900273
romantic.2894993
romantic.2897621
romantic.2897848
romantic.2892621
romantic.2876855
romantic.2900566
romantic.2899995
romantic.2900384
romantic.2895676
romantic.2900052
romantic.2897619
romantic.2900627
romantic.2900344
romantic.2900159
romantic.2900345
romantic.2895671
romantic.2892857
romantic.2877457
romantic.2877654
romantic.2900613
romantic.2895677
romantic.2892789
romantic.2900228
romantic.2897468
romantic.2892787
romantic.2897196
romantic.2898051
romantic.2897548
romantic.2895944
romantic.2894992
romantic.2900630
romantic.2892590
romantic.2897232
romantic.2884943
romantic.2900051
romantic.2900166
romantic.2900135
romantic.2899996
romantic.2900532
romantic.2895056
romantic.2899957
romantic.2895631
romantic.2877716
romantic.2877564
romantic.2899956
romantic.2899959
romantic.2896179
romantic.2900233
romantic.2894792
romantic.2884946
romantic.2900662
romantic.2887733
romantic.2894112
romantic.2877513
romantic.2897498
romantic.2899961
romantic.2900171
romantic.2895574
romantic.2897582
romantic.2893319
romantic.2899983
romantic.2900047
romantic.2896092
romantic.2896095
romantic.2897271
romantic.2900318
romantic.2900190
romantic.2900346
romantic.2897155
romantic.2897700
romantic.2895575
romantic.2884940
romantic.2892675
romantic.2900531
romantic.2897946
romantic.2897190
romantic.2900169
romantic.2896047
romantic.2895675
romantic.2879018
romantic.2895769
romantic.2896133
romantic.2895629
romantic.2897744
romantic.2900136
romantic.2897663
romantic.2900343
romantic.2894159
romantic.2897419
romantic.2900170
romantic.2897300
romantic.2894793
romantic.2900133
romantic.2876925
romantic.2897414
romantic.2894131
romantic.2900387
romantic.2894194
romantic.2900231
romantic.2897295
romantic.2900316
romantic.2894087
romantic.2897267
romantic.2900554
romantic.2897463
romantic.2899960
romantic.2900388
romantic.2897743
romantic.2896048
romantic.2897897
romantic.2892613
romantic.2884944
romantic.2894110
romantic.2895674
romantic.2900342
romantic.2892790
romantic.2900131
romantic.2900100
romantic.2900134
romantic.2897799
romantic.2898100
romantic.2900130
romantic.2894237
romantic.2877665
romantic.2895055
romantic.2900529
romantic.2897995
romantic.2900049
romantic.2877458
romantic.2899993
romantic.2899296
romantic.2899958
romantic.2900276
romantic.2892528
romantic.2877721
romantic.2900383
romantic.2895946
romantic.2900096
romantic.2896138
romantic.2900097
romantic.2896043
romantic.2900048
romantic.2900340
romantic.2899955
romantic.2878199
romantic.2897358
romantic.2899056
romantic.2900530
romantic.2897547
romantic.2900046
romantic.2900234
romantic.2895945
romantic.2895563
romantic.2895559
romantic.2900186
romantic.2900534
romantic.2896181
romantic.2897698
romantic.2876814
romantic.2900565
romantic.2897697
romantic.2900132
romantic.2895564
romantic.2900312
romantic.2900632
romantic.2900099
romantic.2897553
romantic.2900314
romantic.2887735
romantic.2900101
romantic.2897618
romantic.2876897
romantic.2894994
romantic.2897584
romantic.2900567
romantic.2895948
romantic.2900386
rock.2793
rock.2510
rock.2227
rock.2687
rock.2086
rock.2166
rock.2562
rock.2563
rock.2096
rock.2803
rock.2829
rock.2082
rock.2159
rock.2756
rock.2772
rock.2137
rock.2778
rock.2267
rock.2633
rock.2119
rock.2698
rock.2021
rock.2678
rock.2046
rock.2339
rock.2807
rock.2836
rock.2761
rock.2131
rock.2324
rock.2129
rock.2392
rock.2177
rock.2808
rock.2589
rock.2809
rock.2777
rock.2114
rock.2094
rock.2262
rock.2241
rock.2130
rock.2653
rock.2701
rock.2593
rock.2087
rock.2116
rock.2100
rock.2048
rock.2737
rock.2342
rock.2343
rock.2565
rock.2820
rock.2264
rock.2621
rock.2714
rock.2792
rock.2628
rock.2800
rock.2279
rock.2097
rock.2827
rock.2736
rock.2126
rock.2509
rock.2120
rock.2752
rock.2135
rock.2233
rock.2735
rock.2767
rock.2074
rock.2818
rock.2810
rock.2103
rock.2268
rock.2796
rock.2786
rock.2133
rock.2317
rock.2754
rock.2569
rock.2533
rock.2157
rock.2673
rock.2567
rock.2263
rock.2773
rock.2789
rock.2771
rock.2832
rock.2710
rock.2150
rock.2098
rock.2699
rock.2174
rock.2768
rock.2442
rock.2650
rock.2109
rock.2700
rock.2812
rock.2636
rock.2630
rock.2296
rock.2017
rock.2798
rock.2457
rock.2822
rock.2559
rock.2670
rock.2134
rock.2817
rock.2341
rock.2121
rock.2632
rock.2216
rock.2012
rock.2790
rock.2811
rock.2806
rock.2498
rock.2273
rock.2760
rock.2625
rock.2566
rock.2090
rock.2564
rock.2220
rock.2294
rock.2156
rock.2652
rock.2558
rock.2638
rock.2108
rock.2797
rock.2619
rock.2141
rock.2775
rock.2779
rock.2124
rock.2153
rock.2265
rock.2232
rock.2171
rock.2697
rock.2685
rock.2648
rock.2731
rock.2568
rock.2821
rock.2151
rock.2805
rock.2393
rock.2804
rock.2122
rock.2231
rock.2155
rock.2560
rock.2815
rock.2272
rock.2831
rock.2830
rock.2712
rock.2668
rock.2674
rock.2390
rock.2168
rock.2769
rock.2787
rock.2734
rock.2837
rock.2228
rock.2085
rock.2591
rock.2260
rock.2801
rock.2733
rock.2115
rock.2561
rock.2088
rock.2340
rock.2127
rock.2719
rock.2623
rock.2095
rock.2651
rock.2671
rock.2084
rock.2825
rock.2776
rock.2716
rock.2637
rock.2092
rock.2679
rock.2132
rock.2713
rock.2677
rock.2113
baroque.2971111
baroque.2876428
baroque.2970942
baroque.2941920
baroque.2942570
baroque.2943892
baroque.2942096
baroque.2941921
baroque.2970944
baroque.2942095
baroque.2871528
baroque.2942872
baroque.2942152
baroque.2942350
baroque.2941924
baroque.2970969
baroque.2942281
baroque.2942151
baroque.2903609
baroque.2942157
baroque.2941922
baroque.2871430
baroque.2903569
baroque.2970948
baroque.2942566
baroque.173226
baroque.2942041
baroque.2971154
baroque.2903429
baroque.2942440
baroque.2942526
baroque.2942347
baroque.2943849
baroque.2925152
baroque.2884725
baroque.2942567
baroque.2871381
baroque.2903502
baroque.2941923
baroque.2903965
baroque.2903615
baroque.2942444
baroque.2903903
baroque.2942439
baroque.2903798
baroque.2942528
baroque.2971110
baroque.2942487
baroque.2871493
baroque.2970946
baroque.2925653
baroque.2942522
baroque.2970858
baroque.2903567
baroque.2942283
baroque.2925151
baroque.2970811
baroque.2942045
baroque.2942039
baroque.2943421
baroque.2942823
baroque.2942395
baroque.2970816
baroque.2970859
baroque.2971146
baroque.2942568
baroque.2942044
baroque.2943893
baroque.2942324
baroque.2942524
baroque.2925646
baroque.2971208
baroque.2903860
baroque.2971067
baroque.2971012
baroque.2903431
baroque.2942492
baroque.2970965
baroque.2903756
baroque.2942280
baroque.2942878
baroque.2971015
baroque.2943846
baroque.2970861
baroque.2970967
baroque.2970963
baroque.2941926
baroque.2903428
baroque.2942279
baroque.2942322
baroque.2971018
baroque.2884727
baroque.2925153
baroque.2942787
baroque.2942101
baroque.2942527
baroque.2942153
baroque.2903854
baroque.2941925
baroque.2903430
baroque.2871283
baroque.2871675
baroque.2942155
baroque.2942099
baroque.2871794
baroque.2942156
baroque.2942213
baroque.2903859
baroque.2925148
baroque.2925654
baroque.2884723
baroque.2943851
baroque.2942154
baroque.2903945
baroque.2971145
baroque.2942348
baroque.2942282
baroque.2971148
baroque.2925150
baroque.2871724
baroque.2876554
baroque.2871612
baroque.2942278
baroque.2903652
baroque.2942212
baroque.2942480
baroque.2942817
baroque.2910957
baroque.2903432
baroque.2971061
baroque.2943847
baroque.2942319
baroque.2942394
baroque.2943887
baroque.2904022
baroque.2942392
baroque.2942043
baroque.2942781
baroque.2925149
baroque.2942352
baroque.2942328
baroque.2970803
baroque.2942042
baroque.2970814
baroque.2942786
baroque.2943850
baroque.2903707
baroque.2925154
baroque.2970968
baroque.2903994
baroque.2942353
baroque.2970860
baroque.2942875
baroque.2942207
baroque.2943420
baroque.2942271
baroque.2903572
baroque.2942391
baroque.2903856
baroque.2942525
baroque.2942441
baroque.2971112
baroque.2971016
baroque.2925656
baroque.2871795
baroque.2871122
baroque.2943888
baroque.2876519
baroque.2925658
baroque.2943418
baroque.2903573
baroque.2970815
baroque.2971151
baroque.2903497
baroque.2942389
baroque.2942874
baroque.2943889
baroque.2942565
baroque.2903503
baroque.2871332
baroque.2971065
baroque.2943891
baroque.2942523
baroque.2942100
baroque.2903427
baroque.2942326
baroque.2943422
baroque.2942349
baroque.2943845
baroque.2942490
baroque.2903959
baroque.2942321
baroque.2903855
baroque.2942393
baroque.2942040
baroque.2903980
baroque.2876393
baroque.2942438
baroque.2942558
baroque.2903433
metal.72016
metal.261640
metal.54575
metal.172211
metal.262191
metal.262549
metal.261639
metal.37186
metal.262097
metal.262278
metal.272282
metal.39368
metal.235655
metal.63962
metal.63871
metal.72069
metal.170496
metal.232109
metal.170125
metal.72014
metal.261638
metal.280094
metal.38369
metal.170945
metal.235656
metal.172232
metal.51607
metal.276228
metal.170947
metal.59598
metal.69702
metal.262196
metal.252205
metal.170216
metal.173331
metal.271388
metal.64046
metal.72013
metal.224000
metal.264435
metal.68365
metal.261925
metal.170318
metal.173268
metal.1116648
metal.17601
metal.58261
metal.39152
metal.170083
metal.170944
metal.230563
metal.17603
metal.172890
metal.292756
metal.174675
metal.228507
metal.71900
metal.226864
metal.68338
metal.217664
metal.261646
metal.170623
metal.60097
metal.72012
metal.38178
metal.262891
metal.262096
metal.278854
metal.262547
metal.63780
metal.60091
metal.170468
metal.174955
metal.262195
metal.211705
metal.230045
metal.57099
metal.270735
metal.170195
metal.265052
metal.260384
metal.235841
metal.228828
metal.47021
metal.253750
metal.262449
metal.231088
metal.229877
metal.174290
metal.228510
metal.170076
metal.262024
metal.173394
metal.52388
metal.39513
metal.34349
metal.63556
metal.283491
metal.226129
metal.163741
metal.255500
metal.224001
metal.172603
metal.236015
metal.246445
metal.231156
metal.69363
metal.209053
metal.174956
metal.280058
metal.173940
metal.292247
metal.47000
metal.63752
metal.235658
metal.265012
metal.272190
metal.261889
metal.68276
metal.66761
metal.175462
metal.173345
metal.174353
metal.282159
metal.65278
metal.173297
metal.235812
metal.268958
metal.292654
metal.270676
metal.62802
metal.39126
metal.174402
metal.218248
metal.261341
metal.18480
metal.170622
metal.59307
metal.1173775
metal.38368
metal.235904
metal.261891
metal.218243
metal.275038
metal.265016
metal.34115
metal.37718
metal.261930
metal.34310
metal.283376
metal.256358
metal.38694
metal.54729
metal.1120619
metal.25277
metal.63414
metal.270732
metal.262900
metal.232141
metal.699716
metal.265180
metal.225605
metal.262194
metal.235657
metal.170085
metal.64130
metal.170167
metal.262277
metal.235621
metal.39127
metal.262899
metal.62592
metal.39158
metal.172877
metal.173296
metal.228625
metal.39345
metal.230253
metal.161623
metal.71741
metal.56952
metal.57034
metal.235806
metal.71877
metal.268659
metal.71872
metal.34112
metal.273033
metal.223953
metal.1174048
metal.236009
metal.72614
metal.233592
metal.67056
metal.172849
metal.167948
metal.172343
metal.55464
metal.64178
metal.38149
electronica.3505
electronica.3574
electronica.3378
electronica.3569
electronica.3577
electronica.3353
electronica.3604
electronica.3375
electronica.3603
electronica.3367
electronica.3319
electronica.3343
electronica.3332
electronica.3371
electronica.3612
electronica.3523
electronica.3368
electronica.3362
electronica.3643
electronica.3419
electronica.3309
electronica.3566
electronica.3381
electronica.3317
electronica.3546
electronica.3668
electronica.3623
electronica.3356
electronica.3620
electronica.3307
electronica.3687
electronica.3164
electronica.3346
electronica.3155
electronica.3318
electronica.3626
electronica.3404
electronica.3649
electronica.3576
electronica.3653
electronica.3564
electronica.3485
electronica.3432
electronica.3303
electronica.3363
electronica.3652
electronica.3499
electronica.3333
electronica.3697
electronica.3176
electronica.3334
electronica.3316
electronica.3694
electronica.3340
electronica.3354
electronica.3593
electronica.3311
electronica.3586
electronica.3684
electronica.3518
electronica.3599
electronica.3322
electronica.3489
electronica.3644
electronica.3685
electronica.3497
electronica.3437
electronica.3484
electronica.3549
electronica.3666
electronica.3310
electronica.3156
electronica.3488
electronica.3461
electronica.3543
electronica.3359
electronica.3370
electronica.3602
electronica.3702
electronica.3514
electronica.3515
electronica.3435
electronica.3650
electronica.3358
electronica.3503
electronica.3361
electronica.3700
electronica.3522
electronica.3491
electronica.3487
electronica.3575
electronica.3166
electronica.3501
electronica.3504
electronica.3326
electronica.3373
electronica.3417
electronica.3313
electronica.3662
electronica.3495
electronica.3474
electronica.3659
electronica.3302
electronica.3360
electronica.3169
electronica.3299
electronica.3581
electronica.3600
electronica.3328
electronica.3177
electronica.3172
electronica.3323
electronica.3152
electronica.3547
electronica.3512
electronica.3691
electronica.3526
electronica.3609
electronica.3384
electronica.3336
electronica.3364
electronica.3306
electronica.3471
electronica.3170
electronica.3349
electronica.3490
electronica.3493
electronica.3186
electronica.3165
electronica.3338
electronica.3521
electronica.3638
electronica.3610
electronica.3601
electronica.3459
electronica.3641
electronica.3352
electronica.3625
electronica.3376
electronica.3583
electronica.3431
electronica.3561
electronica.3337
electronica.3584
electronica.3509
electronica.3548
electronica.3494
electronica.3506
electronica.3315
electronica.3660
electronica.3460
electronica.3167
electronica.3341
electronica.3705
electronica.3369
electronica.3401
electronica.3695
electronica.3171
electronica.3446
electronica.3339
electronica.3151
electronica.3544
electronica.3703
electronica.3377
electronica.3636
electronica.3308
electronica.3573
electronica.3605
electronica.3418
electronica.3298
electronica.3449
electronica.3163
electronica.3312
electronica.3447
electronica.3492
electronica.3622
electronica.3462
electronica.3365
electronica.3357
electronica.3314
electronica.3158
electronica.3330
electronica.3552
electronica.3572
electronica.3545
electronica.3183
electronica.3179
electronica.3335
electronica.3645
electronica.3342
electronica.3675
electronica.3481
electronica.3157
electronica.3329
electronica.3692
electronica.3331
electronica.3350
electronica.3699
electronica.3366
electronica.3324
rap.9151
rap.8546
rap.9763
rap.5312
rap.5391
rap.9160
rap.5282
rap.5279
rap.5722
rap.5425
rap.9042
rap.5258
rap.8982
rap.3792
rap.5413
rap.9275
rap.9735
rap.5416
rap.9789
rap.9840
rap.9733
rap.9141
rap.9772
rap.9805
rap.5414
rap.9770
rap.9178
rap.9140
rap.9171
rap.5383
rap.9776
rap.9781
rap.9771
rap.3782
rap.4253
rap.9474
rap.9814
rap.5399
rap.9618
rap.5330
rap.9711
rap.3788
rap.3608
rap.9511
rap.9082
rap.3754
rap.9768
rap.5317
rap.9762
rap.9719
rap.9166
rap.9825
rap.9765
rap.9764
rap.9717
rap.3694
rap.9646
rap.5380
rap.9604
rap.5388
rap.9832
rap.9779
rap.9131
rap.9831
rap.3755
rap.9787
rap.9038
rap.5421
rap.9215
rap.9136
rap.9153
rap.9599
rap.9777
rap.5402
rap.9157
rap.9745
rap.9172
rap.9241
rap.9837
rap.9790
rap.9598
rap.5381
rap.9635
rap.5295
rap.9585
rap.5261
rap.9773
rap.3758
rap.5378
rap.9184
rap.9802
rap.3779
rap.5260
rap.9721
rap.9785
rap.5336
rap.9130
rap.8743
rap.5320
rap.9638
rap.3786
rap.9305
rap.9600
rap.9137
rap.5401
rap.2143
rap.9834
rap.9609
rap.5333
rap.9817
rap.9606
rap.5989
rap.9634
rap.3611
rap.5283
rap.5393
rap.9176
rap.5284
rap.8485
rap.9804
rap.9142
rap.5781
rap.3772
rap.9778
rap.9162
rap.9782
rap.5262
rap.8544
rap.3610
rap.5415
rap.9839
rap.8987
rap.9798
rap.5377
rap.5387
rap.9170
rap.8490
rap.9775
rap.9150
rap.5403
rap.3785
rap.9614
rap.5264
rap.3794
rap.3767
rap.3341
rap.5385
rap.9716
rap.9803
rap.3693
rap.9084
rap.3339
rap.9800
rap.8598
rap.9723
rap.9726
rap.9780
rap.9749
rap.5332
rap.9746
rap.9769
rap.9145
rap.5331
rap.3776
rap.5259
rap.9083
rap.9636
rap.9164
rap.6009
rap.9081
rap.5371
rap.5418
rap.9761
rap.9641
rap.9154
rap.9750
rap.5370
rap.5315
rap.5442
rap.9139
rap.9759
rap.3775
rap.3783
rap.5281
rap.3790
rap.9720
rap.3781
rap.9147
rap.5374
rap.9080
rap.9813
rap.5394
rap.5328
rap.5390
rap.9718
rap.3778
rap.9146
rap.9040
classical.471345
classical.516793
classical.540740
classical.157596
classical.485314
classical.516838
classical.518011
classical.504161
classical.567712
classical.480769
classical.486097
classical.476325
classical.526911
classical.484929
classical.480765
classical.485265
classical.584379
classical.516871
classical.517970
classical.518317
classical.480507
classical.515989
classical.516159
classical.516282
classical.478686
classical.482316
classical.517808
classical.498551
classical.506230
classical.557826
classical.505425
classical.498251
classical.489290
classical.525774
classical.478663
classical.520271
classical.155934
classical.557030
classical.485363
classical.478207
classical.163201
classical.563369
classical.478201
classical.516026
classical.515932
classical.498145
classical.567291
classical.557415
classical.1139286
classical.516709
classical.498252
classical.505222
classical.471341
classical.465804
classical.513048
classical.517850
classical.518653
classical.562055
classical.498628
classical.571716
classical.160960
classical.480856
classical.512915
classical.482443
classical.473119
classical.498509
classical.477536
classical.518991
classical.567285
classical.517254
classical.589615
classical.478137
classical.480504
classical.163083
classical.516422
classical.516018
classical.479903
classical.517375
classical.557824
classical.516205
classical.517906
classical.83884
classical.516065
classical.516156
classical.155373
classical.158015
classical.515022
classical.576994
classical.571613
classical.516829
classical.574131
classical.498630
classical.516100
classical.465703
classical.530303
classical.547394
classical.525319
classical.563533
classical.385650
classical.571611
classical.512824
classical.517969
classical.518052
classical.575531
classical.155124
classical.517376
classical.498147
classical.516604
classical.483583
classical.518468
classical.516520
classical.498366
classical.520230
classical.547384
classical.531200
classical.498362
classical.480508
classical.518508
classical.577148
classical.478684
classical.163087
classical.477400
classical.577310
classical.512873
classical.522503
classical.83877
classical.485266
classical.516798
classical.583882
classical.565332
classical.583672
classical.517248
classical.480679
classical.465805
classical.516660
classical.525325
classical.574264
classical.155186
classical.471173
classical.518312
classical.516906
classical.515933
classical.471342
classical.545536
classical.155932
classical.485496
classical.517368
classical.477452
classical.157623
classical.1139348
classical.516522
classical.505131
classical.518242
classical.516765
classical.480805
classical.481157
classical.518872
classical.576833
classical.557821
classical.550009
classical.583399
classical.471941
classical.465701
classical.567579
classical.588376
classical.516105
classical.538781
classical.157462
classical.518277
classical.498151
classical.481052
classical.519425
classical.155243
classical.485370
classical.518046
classical.518403
classical.518375
classical.583959
classical.1139351
classical.471346
classical.156685
classical.567586
classical.520578
classical.505061
classical.515953
classical.471939
classical.577260
classical.486339
classical.489577
classical.525321
classical.478908
classical.160956
classical.563365
classical.156485
classical.485055
classical.516555
classical.166107
classical.163195
classical.546341
classical.516339
blues.15885
blues.17083
blues.15764
blues.15950
blues.16453
blues.16123
blues.16073
blues.2175
blues.15850
blues.17087
blues.15669
blues.12404
blues.15690
blues.17076
blues.17103
blues.15731
blues.15958
blues.15709
blues.17091
blues.15919
blues.15679
blues.15957
blues.2675
blues.16911
blues.15969
blues.15749
blues.2144
blues.15988
blues.16121
blues.17111
blues.16467
blues.15704
blues.16339
blues.17101
blues.15711
blues.15712
blues.15671
blues.2087
blues.15738
blues.2116
blues.15744
blues.16315
blues.2642
blues.15676
blues.15107
blues.2800
blues.15981
blues.15791
blues.16913
blues.17018
blues.16618
blues.3105
blues.16099
blues.15692
blues.15974
blues.16978
blues.15979
blues.15672
blues.2268
blues.15961
blues.2099
blues.2534
blues.16108
blues.17086
blues.2148
blues.15968
blues.16008
blues.15728
blues.16122
blues.15729
blues.17095
blues.15959
blues.15783
blues.16652
blues.16653
blues.16163
blues.16072
blues.16045
blues.15708
blues.15960
blues.16289
blues.15975
blues.2699
blues.16314
blues.17097
blues.16907
blues.15677
blues.15691
blues.15813
blues.17093
blues.17088
blues.15713
blues.15687
blues.16003
blues.15734
blues.15703
blues.15697
blues.2147
blues.15674
blues.15383
blues.16077
blues.16316
blues.16906
blues.15667
blues.2143
blues.16009
blues.17096
blues.2163
blues.15982
blues.16014
blues.2204
blues.16010
blues.15727
blues.15688
blues.3526
blues.2128
blues.2146
blues.16998
blues.17078
blues.12961
blues.15993
blues.15956
blues.2138
blues.15990
blues.17094
blues.16116
blues.16750
blues.17098
blues.16839
blues.15689
blues.15819
blues.15966
blues.16056
blues.15949
blues.15733
blues.15714
blues.15684
blues.15130
blues.16452
blues.16024
blues.15742
blues.15730
blues.2171
blues.16125
blues.15726
blues.16649
blues.16118
blues.12386
blues.16016
blues.16311
blues.2093
blues.16115
blues.15670
blues.16063
blues.15686
blues.15868
blues.15668
blues.17109
blues.16097
blues.12389
blues.16052
blues.16223
blues.16059
blues.16977
blues.17100
blues.17085
blues.15725
blues.15710
blues.15954
blues.17075
blues.15995
blues.15702
blues.15759
blues.9622
blues.16954
blues.16119
blues.16910
blues.2145
blues.15707
blues.17082
blues.15955
blues.16094
blues.15675
blues.16651
blues.9244
blues.15970
blues.17080
blues.15736
blues.2271
blues.2084
blues.16313
blues.17079
blues.15948
blues.17081
blues.15750
blues.15751
blues.16149
blues.15700
blues.15724
blues.15678
